<!DOCTYPE html PUBLIC "-//W3C//DTD XHTML 1.1//EN" "https://www.w3.org/TR/xhtml11/DTD/xhtml11.dtd">
<html xmlns="https://www.w3.org/1999/xhtml">
<head>
<meta http-equiv="content-type" content="text/html; charset=UTF-8"/>
<title>TestNG Report</title>
<style type="text/css">table {margin-bottom:10px;border-collapse:collapse;empty-cells:show}th,td {border:1px solid #009;padding:.25em .5em}th {vertical-align:bottom}td {vertical-align:top}table a {font-weight:bold}.stripe td {background-color: #E6EBF9}.num {text-align:right}.passedodd td {background-color: #3F3}.passedeven td {background-color: #0A0}.skippedodd td {background-color: #DDD}.skippedeven td {background-color: #CCC}.failedodd td,.attn {background-color: #F33}.failedeven td,.stripe .attn {background-color: #D00}.stacktrace {white-space:pre;font-family:monospace}.totop {font-size:85%;text-align:center;border-bottom:2px solid #000}.invisible {display:none}</style>
</head>
<body>
<table>
<tr><th>Test</th><th># Passed</th><th># Skipped</th><th># Retried</th><th># Failed</th><th>Time (ms)</th><th>Included Groups</th><th>Excluded Groups</th></tr>
<tr><th colspan="8">Suite</th></tr>
<tr><td><a href="#t0">Test</a></td><td class="num">21</td><td class="num">0</td><td class="num">0</td><td class="num attn">6</td><td class="num">667,094</td><td></td><td></td></tr>
</table>
<table id='summary'><thead><tr><th>Class</th><th>Method</th><th>Start</th><th>Time (ms)</th></tr></thead><tbody><tr><th colspan="4">Suite</th></tr></tbody><tbody id="t0"><tr><th colspan="4">Test &#8212; failed</th></tr><tr class="failedeven"><td rowspan="3">Testcases.Tc_05_Homepage</td><td><a href="#m0">CheckTitleOfAllMenu</a></td><td rowspan="3">1726378369857</td><td rowspan="3">21461</td></tr><tr class="failedeven"><td><a href="#m1">CheckTitleOfAllMenu</a></td></tr><tr class="failedeven"><td><a href="#m2">CheckTitleOfAllMenu</a></td></tr><tr class="failedodd"><td rowspan="1">Testcases.Tc_06_Search_additem</td><td><a href="#m3">SearchAddItemInCart</a></td><td rowspan="1">1726378511675</td><td rowspan="1">23960</td></tr><tr class="failedeven"><td rowspan="1">Testcases.Tc_07_Menu_shop_by_Dept</td><td><a href="#m4">SelAddItemShopByDeptMenu</a></td><td rowspan="1">1726378540369</td><td rowspan="1">39028</td></tr><tr class="failedodd"><td rowspan="1">Testcases.Tc_09_Checkout_fillingpage</td><td><a href="#m5">CheckOutPageFillingas_using_guest</a></td><td rowspan="1">1726378639762</td><td rowspan="1">30049</td></tr><tr><th colspan="4">Test &#8212; passed</th></tr><tr class="passedeven"><td rowspan="1">Testcases.Tc_01_Navigatetowebpage</td><td><a href="#m6">NavigatingToBestBestApp</a></td><td rowspan="1">1726378008926</td><td rowspan="1">10077</td></tr><tr class="passedodd"><td rowspan="1">Testcases.Tc_02_Verify_LinkBroken</td><td><a href="#m7">ValidateUrlIsNotBroken</a></td><td rowspan="1">1726378024137</td><td rowspan="1">21946</td></tr><tr class="passedeven"><td rowspan="7">Testcases.Tc_03_CreateaccountpageTest</td><td><a href="#m8">ValidateCreatAccountFunctionality</a></td><td rowspan="7">1726378052685</td><td rowspan="7">21595</td></tr><tr class="passedeven"><td><a href="#m9">ValidateCreatAccountFunctionality</a></td></tr><tr class="passedeven"><td><a href="#m10">ValidateCreatAccountFunctionality</a></td></tr><tr class="passedeven"><td><a href="#m11">ValidateCreatAccountFunctionality</a></td></tr><tr class="passedeven"><td><a href="#m12">ValidateCreatAccountFunctionality</a></td></tr><tr class="passedeven"><td><a href="#m13">ValidateCreatAccountFunctionality</a></td></tr><tr class="passedeven"><td><a href="#m14">ValidateCreatAccountFunctionality</a></td></tr><tr class="passedodd"><td rowspan="4">Testcases.Tc_04_Siginpage</td><td><a href="#m15">SignIn</a></td><td rowspan="4">1726378268632</td><td rowspan="4">14870</td></tr><tr class="passedodd"><td><a href="#m16">SignIn</a></td></tr><tr class="passedodd"><td><a href="#m17">SignIn</a></td></tr><tr class="passedodd"><td><a href="#m18">SignIn</a></td></tr><tr class="passedeven"><td rowspan="7">Testcases.Tc_05_Homepage</td><td><a href="#m19">CheckTitleOfAllMenu</a></td><td rowspan="6">1726378311954</td><td rowspan="6">15995</td></tr><tr class="passedeven"><td><a href="#m20">CheckTitleOfAllMenu</a></td></tr><tr class="passedeven"><td><a href="#m21">CheckTitleOfAllMenu</a></td></tr><tr class="passedeven"><td><a href="#m22">CheckTitleOfAllMenu</a></td></tr><tr class="passedeven"><td><a href="#m23">CheckTitleOfAllMenu</a></td></tr><tr class="passedeven"><td><a href="#m24">CheckTitleOfAllMenu</a></td></tr><tr class="passedeven"><td><a href="#m25">validate_BottomLink_HomePage</a></td><td rowspan="1">1726378495560</td><td rowspan="1">11219</td></tr><tr class="passedodd"><td rowspan="1">Testcases.Tc_08_Menu_Brand_Select</td><td><a href="#m26">AddItemShopByBrandMenu</a></td><td rowspan="1">1726378583579</td><td rowspan="1">50985</td></tr></tbody>
</table>
<h2>Test</h2><h3 id="m0">Testcases.Tc_05_Homepage#CheckTitleOfAllMenu</h3><table class="result"><tr class="param"><th>Parameter #1</th><th>Parameter #2</th></tr><tr class="param stripe"><td>Credit Cards</td><td>Best Buy Credit Card: Rewards &amp; Financing</td></tr><tr><th colspan="2">Exception</th></tr><tr><td colspan="2"><div class="stacktrace">org.openqa.selenium.TimeoutException: Expected condition failed: waiting for visibility of [[ChromeDriver: chrome on windows (f7a64c144f1fc924d239a74dc5d3673f)] -&gt; xpath: //a[text()=&apos;Credit Cards&apos;]] (tried for 15 second(s) with 500 milliseconds interval)
Build info: version: &apos;4.16.1&apos;, revision: &apos;9b4c83354e&apos;
System info: os.name: &apos;Windows 10&apos;, os.arch: &apos;amd64&apos;, os.version: &apos;10.0&apos;, java.version: &apos;16.0.2&apos;
Driver info: org.openqa.selenium.chrome.ChromeDriver
Capabilities {acceptInsecureCerts: false, browserName: chrome, browserVersion: 128.0.6613.138, chrome: {chromedriverVersion: 128.0.6613.137 (fe621c5aa2d..., userDataDir: C:\Users\abina\AppData\Loca...}, fedcm:accounts: true, goog:chromeOptions: {debuggerAddress: localhost:59692}, networkConnectionEnabled: false, pageLoadStrategy: normal, platformName: windows, proxy: Proxy(), se:cdp: ws://localhost:59692/devtoo..., se:cdpVersion: 128.0.6613.138, setWindowRect: true, strictFileInteractability: false, timeouts: {implicit: 0, pageLoad: 300000, script: 30000}, unhandledPromptBehavior: dismiss and notify, webauthn:extension:credBlob: true, webauthn:extension:largeBlob: true, webauthn:extension:minPinLength: true, webauthn:extension:prf: true, webauthn:virtualAuthenticators: true}
Session ID: f7a64c144f1fc924d239a74dc5d3673f
	at org.openqa.selenium.support.ui.WebDriverWait.timeoutException(WebDriverWait.java:84)
	at org.openqa.selenium.support.ui.FluentWait.until(FluentWait.java:229)
	at Utilities.Utility.waitExplicit(Utility.java:114)
	at Utilities.Utility.clickOn(Utility.java:170)
	at Pageobject.Homepage.menuValidation(Homepage.java:166)
	at Testcases.Tc_05_Homepage.CheckTitleOfAllMenu(Tc_05_Homepage.java:26)
	at java.base/java.util.ArrayList.forEach(ArrayList.java:1511)
... Removed 27 stack frames</div></td></tr></table><p class="totop"><a href="#summary">back to summary</a></p>
<h3 id="m1">Testcases.Tc_05_Homepage#CheckTitleOfAllMenu</h3><table class="result"><tr class="param"><th>Parameter #1</th><th>Parameter #2</th></tr><tr class="param stripe"><td>Gift Ideas</td><td>Gift Ideas 2023: Best Gifts to Give This Year - Best Buy</td></tr><tr><th colspan="2">Exception</th></tr><tr><td colspan="2"><div class="stacktrace">org.openqa.selenium.TimeoutException: Expected condition failed: waiting for visibility of [[ChromeDriver: chrome on windows (5e414222bcd9e2db3702b1cc23f460d2)] -&gt; xpath: //a[text()=&apos;Gift Ideas&apos;]] (tried for 15 second(s) with 500 milliseconds interval)
Build info: version: &apos;4.16.1&apos;, revision: &apos;9b4c83354e&apos;
System info: os.name: &apos;Windows 10&apos;, os.arch: &apos;amd64&apos;, os.version: &apos;10.0&apos;, java.version: &apos;16.0.2&apos;
Driver info: org.openqa.selenium.chrome.ChromeDriver
Capabilities {acceptInsecureCerts: false, browserName: chrome, browserVersion: 128.0.6613.138, chrome: {chromedriverVersion: 128.0.6613.137 (fe621c5aa2d..., userDataDir: C:\Users\abina\AppData\Loca...}, fedcm:accounts: true, goog:chromeOptions: {debuggerAddress: localhost:59933}, networkConnectionEnabled: false, pageLoadStrategy: normal, platformName: windows, proxy: Proxy(), se:cdp: ws://localhost:59933/devtoo..., se:cdpVersion: 128.0.6613.138, setWindowRect: true, strictFileInteractability: false, timeouts: {implicit: 0, pageLoad: 300000, script: 30000}, unhandledPromptBehavior: dismiss and notify, webauthn:extension:credBlob: true, webauthn:extension:largeBlob: true, webauthn:extension:minPinLength: true, webauthn:extension:prf: true, webauthn:virtualAuthenticators: true}
Session ID: 5e414222bcd9e2db3702b1cc23f460d2
	at org.openqa.selenium.support.ui.WebDriverWait.timeoutException(WebDriverWait.java:84)
	at org.openqa.selenium.support.ui.FluentWait.until(FluentWait.java:229)
	at Utilities.Utility.waitExplicit(Utility.java:114)
	at Utilities.Utility.clickOn(Utility.java:170)
	at Pageobject.Homepage.menuValidation(Homepage.java:166)
	at Testcases.Tc_05_Homepage.CheckTitleOfAllMenu(Tc_05_Homepage.java:26)
	at java.base/java.util.ArrayList.forEach(ArrayList.java:1511)
... Removed 27 stack frames</div></td></tr></table><p class="totop"><a href="#summary">back to summary</a></p>
<h3 id="m2">Testcases.Tc_05_Homepage#CheckTitleOfAllMenu</h3><table class="result"><tr class="param"><th>Parameter #1</th><th>Parameter #2</th></tr><tr class="param stripe"><td>Gift Cards</td><td>Gifts Cards and E-Gift Cards - Best Buy</td></tr><tr><th colspan="2">Exception</th></tr><tr><td colspan="2"><div class="stacktrace">org.openqa.selenium.TimeoutException: Expected condition failed: waiting for visibility of [[ChromeDriver: chrome on windows (2ef54cac0e7a150cd94836c3505f9387)] -&gt; xpath: //a[text()=&apos;Gift Cards&apos;]] (tried for 15 second(s) with 500 milliseconds interval)
Build info: version: &apos;4.16.1&apos;, revision: &apos;9b4c83354e&apos;
System info: os.name: &apos;Windows 10&apos;, os.arch: &apos;amd64&apos;, os.version: &apos;10.0&apos;, java.version: &apos;16.0.2&apos;
Driver info: org.openqa.selenium.chrome.ChromeDriver
Capabilities {acceptInsecureCerts: false, browserName: chrome, browserVersion: 128.0.6613.138, chrome: {chromedriverVersion: 128.0.6613.137 (fe621c5aa2d..., userDataDir: C:\Users\abina\AppData\Loca...}, fedcm:accounts: true, goog:chromeOptions: {debuggerAddress: localhost:59809}, networkConnectionEnabled: false, pageLoadStrategy: normal, platformName: windows, proxy: Proxy(), se:cdp: ws://localhost:59809/devtoo..., se:cdpVersion: 128.0.6613.138, setWindowRect: true, strictFileInteractability: false, timeouts: {implicit: 0, pageLoad: 300000, script: 30000}, unhandledPromptBehavior: dismiss and notify, webauthn:extension:credBlob: true, webauthn:extension:largeBlob: true, webauthn:extension:minPinLength: true, webauthn:extension:prf: true, webauthn:virtualAuthenticators: true}
Session ID: 2ef54cac0e7a150cd94836c3505f9387
	at org.openqa.selenium.support.ui.WebDriverWait.timeoutException(WebDriverWait.java:84)
	at org.openqa.selenium.support.ui.FluentWait.until(FluentWait.java:229)
	at Utilities.Utility.waitExplicit(Utility.java:114)
	at Utilities.Utility.clickOn(Utility.java:170)
	at Pageobject.Homepage.menuValidation(Homepage.java:166)
	at Testcases.Tc_05_Homepage.CheckTitleOfAllMenu(Tc_05_Homepage.java:26)
	at java.base/java.util.ArrayList.forEach(ArrayList.java:1511)
... Removed 27 stack frames</div></td></tr></table><p class="totop"><a href="#summary">back to summary</a></p>
<h3 id="m3">Testcases.Tc_06_Search_additem#SearchAddItemInCart</h3><table class="result"><tr><th>Exception</th></tr><tr><td><div class="stacktrace">org.openqa.selenium.NoSuchElementException: no such element: Unable to locate element: {&quot;method&quot;:&quot;xpath&quot;,&quot;selector&quot;:&quot;(//a[contains(text(),&apos;Logitech - PRO X SUPERLIGHT Lightweight Wireless O&apos;)])[1]&quot;}
  (Session info: chrome=128.0.6613.138)
For documentation on this error, please visit: https://www.selenium.dev/documentation/webdriver/troubleshooting/errors#no-such-element-exception
Build info: version: &apos;4.16.1&apos;, revision: &apos;9b4c83354e&apos;
System info: os.name: &apos;Windows 10&apos;, os.arch: &apos;amd64&apos;, os.version: &apos;10.0&apos;, java.version: &apos;16.0.2&apos;
Driver info: org.openqa.selenium.chrome.ChromeDriver
Command: [b9b2aeef154cc96391173f040a1573e7, findElement {using=xpath, value=(//a[contains(text(),&apos;Logitech - PRO X SUPERLIGHT Lightweight Wireless O&apos;)])[1]}]
Capabilities {acceptInsecureCerts: false, browserName: chrome, browserVersion: 128.0.6613.138, chrome: {chromedriverVersion: 128.0.6613.137 (fe621c5aa2d..., userDataDir: C:\Users\abina\AppData\Loca...}, fedcm:accounts: true, goog:chromeOptions: {debuggerAddress: localhost:60524}, networkConnectionEnabled: false, pageLoadStrategy: normal, platformName: windows, proxy: Proxy(), se:cdp: ws://localhost:60524/devtoo..., se:cdpVersion: 128.0.6613.138, setWindowRect: true, strictFileInteractability: false, timeouts: {implicit: 0, pageLoad: 300000, script: 30000}, unhandledPromptBehavior: dismiss and notify, webauthn:extension:credBlob: true, webauthn:extension:largeBlob: true, webauthn:extension:minPinLength: true, webauthn:extension:prf: true, webauthn:virtualAuthenticators: true}
Session ID: b9b2aeef154cc96391173f040a1573e7
	at org.openqa.selenium.remote.codec.w3c.W3CHttpResponseCodec.createException(W3CHttpResponseCodec.java:200)
	at org.openqa.selenium.remote.codec.w3c.W3CHttpResponseCodec.decode(W3CHttpResponseCodec.java:133)
	at org.openqa.selenium.remote.codec.w3c.W3CHttpResponseCodec.decode(W3CHttpResponseCodec.java:52)
	at org.openqa.selenium.remote.HttpCommandExecutor.execute(HttpCommandExecutor.java:191)
	at org.openqa.selenium.remote.service.DriverCommandExecutor.invokeExecute(DriverCommandExecutor.java:200)
	at org.openqa.selenium.remote.service.DriverCommandExecutor.execute(DriverCommandExecutor.java:175)
	at org.openqa.selenium.remote.RemoteWebDriver.execute(RemoteWebDriver.java:523)
	at org.openqa.selenium.remote.ElementLocation$ElementFinder$2.findElement(ElementLocation.java:165)
	at org.openqa.selenium.remote.ElementLocation.findElement(ElementLocation.java:59)
	at org.openqa.selenium.remote.RemoteWebDriver.findElement(RemoteWebDriver.java:360)
	at org.openqa.selenium.remote.RemoteWebDriver.findElement(RemoteWebDriver.java:354)
	at org.openqa.selenium.support.pagefactory.DefaultElementLocator.findElement(DefaultElementLocator.java:68)
	at org.openqa.selenium.support.pagefactory.internal.LocatingElementHandler.invoke(LocatingElementHandler.java:38)
	at jdk.proxy2/jdk.proxy2.$Proxy16.getText(Unknown Source)
	at Utilities.Utility.extractText(Utility.java:175)
	at Pageobject.Productpage.addLogitechMouse(Productpage.java:58)
	at Testcases.Tc_06_Search_additem.SearchAddItemInCart(Tc_06_Search_additem.java:21)
	at java.base/java.util.ArrayList.forEach(ArrayList.java:1511)
... Removed 32 stack frames</div></td></tr></table><p class="totop"><a href="#summary">back to summary</a></p>
<h3 id="m4">Testcases.Tc_07_Menu_shop_by_Dept#SelAddItemShopByDeptMenu</h3><table class="result"><tr><th>Exception</th></tr><tr><td><div class="stacktrace">org.openqa.selenium.TimeoutException: Expected condition failed: waiting for visibility of Proxy element for: DefaultElementLocator &apos;By.xpath: //button[@data-lid=&apos;ubr_tv&apos;]&apos; (tried for 15 second(s) with 500 milliseconds interval)
	at org.openqa.selenium.support.ui.WebDriverWait.timeoutException(WebDriverWait.java:84)
	at org.openqa.selenium.support.ui.FluentWait.until(FluentWait.java:229)
	at Utilities.Utility.waitExplicit(Utility.java:114)
	at Pageobject.Homepage.selectTvMenuInHomePage(Homepage.java:123)
	at Testcases.Tc_07_Menu_shop_by_Dept.SelAddItemShopByDeptMenu(Tc_07_Menu_shop_by_Dept.java:18)
	at java.base/java.util.ArrayList.forEach(ArrayList.java:1511)
Caused by: org.openqa.selenium.NoSuchElementException: no such element: Unable to locate element: {&quot;method&quot;:&quot;xpath&quot;,&quot;selector&quot;:&quot;//button[@data-lid=&apos;ubr_tv&apos;]&quot;}
  (Session info: chrome=128.0.6613.138)
For documentation on this error, please visit: https://www.selenium.dev/documentation/webdriver/troubleshooting/errors#no-such-element-exception
Build info: version: &apos;4.16.1&apos;, revision: &apos;9b4c83354e&apos;
System info: os.name: &apos;Windows 10&apos;, os.arch: &apos;amd64&apos;, os.version: &apos;10.0&apos;, java.version: &apos;16.0.2&apos;
Driver info: org.openqa.selenium.chrome.ChromeDriver
Command: [3382a59e36cf9a201e538d5d26544750, findElement {using=xpath, value=//button[@data-lid=&apos;ubr_tv&apos;]}]
Capabilities {acceptInsecureCerts: false, browserName: chrome, browserVersion: 128.0.6613.138, chrome: {chromedriverVersion: 128.0.6613.137 (fe621c5aa2d..., userDataDir: C:\Users\abina\AppData\Loca...}, fedcm:accounts: true, goog:chromeOptions: {debuggerAddress: localhost:60755}, networkConnectionEnabled: false, pageLoadStrategy: normal, platformName: windows, proxy: Proxy(), se:cdp: ws://localhost:60755/devtoo..., se:cdpVersion: 128.0.6613.138, setWindowRect: true, strictFileInteractability: false, timeouts: {implicit: 0, pageLoad: 300000, script: 30000}, unhandledPromptBehavior: dismiss and notify, webauthn:extension:credBlob: true, webauthn:extension:largeBlob: true, webauthn:extension:minPinLength: true, webauthn:extension:prf: true, webauthn:virtualAuthenticators: true}
Session ID: 3382a59e36cf9a201e538d5d26544750
	at org.openqa.selenium.remote.codec.w3c.W3CHttpResponseCodec.createException(W3CHttpResponseCodec.java:200)
	at org.openqa.selenium.remote.codec.w3c.W3CHttpResponseCodec.decode(W3CHttpResponseCodec.java:133)
	at org.openqa.selenium.remote.codec.w3c.W3CHttpResponseCodec.decode(W3CHttpResponseCodec.java:52)
	at org.openqa.selenium.remote.HttpCommandExecutor.execute(HttpCommandExecutor.java:191)
	at org.openqa.selenium.remote.service.DriverCommandExecutor.invokeExecute(DriverCommandExecutor.java:200)
	at org.openqa.selenium.remote.service.DriverCommandExecutor.execute(DriverCommandExecutor.java:175)
	at org.openqa.selenium.remote.RemoteWebDriver.execute(RemoteWebDriver.java:523)
	at org.openqa.selenium.remote.ElementLocation$ElementFinder$2.findElement(ElementLocation.java:165)
	at org.openqa.selenium.remote.ElementLocation.findElement(ElementLocation.java:59)
	at org.openqa.selenium.remote.RemoteWebDriver.findElement(RemoteWebDriver.java:360)
	at org.openqa.selenium.remote.RemoteWebDriver.findElement(RemoteWebDriver.java:354)
	at org.openqa.selenium.support.pagefactory.DefaultElementLocator.findElement(DefaultElementLocator.java:68)
	at org.openqa.selenium.support.pagefactory.internal.LocatingElementHandler.invoke(LocatingElementHandler.java:38)
	at jdk.proxy2/jdk.proxy2.$Proxy16.isDisplayed(Unknown Source)
	at org.openqa.selenium.support.ui.ExpectedConditions.elementIfVisible(ExpectedConditions.java:304)
	at org.openqa.selenium.support.ui.ExpectedConditions$10.apply(ExpectedConditions.java:290)
	at org.openqa.selenium.support.ui.ExpectedConditions$10.apply(ExpectedConditions.java:287)
	at org.openqa.selenium.support.ui.FluentWait.until(FluentWait.java:204)
	... 31 more
... Removed 32 stack frames</div></td></tr></table><p class="totop"><a href="#summary">back to summary</a></p>
<h3 id="m5">Testcases.Tc_09_Checkout_fillingpage#CheckOutPageFillingas_using_guest</h3><table class="result"><tr><th>Exception</th></tr><tr><td><div class="stacktrace">org.openqa.selenium.NoSuchElementException: no such element: Unable to locate element: {&quot;method&quot;:&quot;xpath&quot;,&quot;selector&quot;:&quot;(//a[contains(text(),&apos;Logitech - PRO X SUPERLIGHT Lightweight Wireless O&apos;)])[1]&quot;}
  (Session info: chrome=128.0.6613.138)
For documentation on this error, please visit: https://www.selenium.dev/documentation/webdriver/troubleshooting/errors#no-such-element-exception
Build info: version: &apos;4.16.1&apos;, revision: &apos;9b4c83354e&apos;
System info: os.name: &apos;Windows 10&apos;, os.arch: &apos;amd64&apos;, os.version: &apos;10.0&apos;, java.version: &apos;16.0.2&apos;
Driver info: org.openqa.selenium.chrome.ChromeDriver
Command: [b4e5748ce8985a474ca9c68e7bef1e84, findElement {using=xpath, value=(//a[contains(text(),&apos;Logitech - PRO X SUPERLIGHT Lightweight Wireless O&apos;)])[1]}]
Capabilities {acceptInsecureCerts: false, browserName: chrome, browserVersion: 128.0.6613.138, chrome: {chromedriverVersion: 128.0.6613.137 (fe621c5aa2d..., userDataDir: C:\Users\abina\AppData\Loca...}, fedcm:accounts: true, goog:chromeOptions: {debuggerAddress: localhost:61130}, networkConnectionEnabled: false, pageLoadStrategy: normal, platformName: windows, proxy: Proxy(), se:cdp: ws://localhost:61130/devtoo..., se:cdpVersion: 128.0.6613.138, setWindowRect: true, strictFileInteractability: false, timeouts: {implicit: 0, pageLoad: 300000, script: 30000}, unhandledPromptBehavior: dismiss and notify, webauthn:extension:credBlob: true, webauthn:extension:largeBlob: true, webauthn:extension:minPinLength: true, webauthn:extension:prf: true, webauthn:virtualAuthenticators: true}
Session ID: b4e5748ce8985a474ca9c68e7bef1e84
	at org.openqa.selenium.remote.codec.w3c.W3CHttpResponseCodec.createException(W3CHttpResponseCodec.java:200)
	at org.openqa.selenium.remote.codec.w3c.W3CHttpResponseCodec.decode(W3CHttpResponseCodec.java:133)
	at org.openqa.selenium.remote.codec.w3c.W3CHttpResponseCodec.decode(W3CHttpResponseCodec.java:52)
	at org.openqa.selenium.remote.HttpCommandExecutor.execute(HttpCommandExecutor.java:191)
	at org.openqa.selenium.remote.service.DriverCommandExecutor.invokeExecute(DriverCommandExecutor.java:200)
	at org.openqa.selenium.remote.service.DriverCommandExecutor.execute(DriverCommandExecutor.java:175)
	at org.openqa.selenium.remote.RemoteWebDriver.execute(RemoteWebDriver.java:523)
	at org.openqa.selenium.remote.ElementLocation$ElementFinder$2.findElement(ElementLocation.java:165)
	at org.openqa.selenium.remote.ElementLocation.findElement(ElementLocation.java:59)
	at org.openqa.selenium.remote.RemoteWebDriver.findElement(RemoteWebDriver.java:360)
	at org.openqa.selenium.remote.RemoteWebDriver.findElement(RemoteWebDriver.java:354)
	at org.openqa.selenium.support.pagefactory.DefaultElementLocator.findElement(DefaultElementLocator.java:68)
	at org.openqa.selenium.support.pagefactory.internal.LocatingElementHandler.invoke(LocatingElementHandler.java:38)
	at jdk.proxy2/jdk.proxy2.$Proxy16.getText(Unknown Source)
	at Utilities.Utility.extractText(Utility.java:175)
	at Pageobject.Productpage.addLogitechMouse(Productpage.java:58)
	at Testcases.Tc_09_Checkout_fillingpage.CheckOutPageFillingas_using_guest(Tc_09_Checkout_fillingpage.java:23)
	at java.base/java.util.ArrayList.forEach(ArrayList.java:1511)
... Removed 32 stack frames</div></td></tr></table><p class="totop"><a href="#summary">back to summary</a></p>
<h3 id="m6">Testcases.Tc_01_Navigatetowebpage#NavigatingToBestBestApp</h3><table class="result"><tr><th class="invisible"/></tr></table><p class="totop"><a href="#summary">back to summary</a></p>
<h3 id="m7">Testcases.Tc_02_Verify_LinkBroken#ValidateUrlIsNotBroken</h3><table class="result"><tr><th class="invisible"/></tr></table><p class="totop"><a href="#summary">back to summary</a></p>
<h3 id="m8">Testcases.Tc_03_CreateaccountpageTest#ValidateCreatAccountFunctionality</h3><table class="result"><tr class="param"><th>Parameter #1</th><th>Parameter #2</th><th>Parameter #3</th><th>Parameter #4</th><th>Parameter #5</th><th>Parameter #6</th></tr><tr class="param stripe"><td>aarav</td><td>abi</td><td>aaravabi786@gmail.com</td><td>aaravabi@123</td><td>aaravabi@123</td><td>9876543210</td></tr></table><p class="totop"><a href="#summary">back to summary</a></p>
<h3 id="m9">Testcases.Tc_03_CreateaccountpageTest#ValidateCreatAccountFunctionality</h3><table class="result"><tr class="param"><th>Parameter #1</th><th>Parameter #2</th><th>Parameter #3</th><th>Parameter #4</th><th>Parameter #5</th><th>Parameter #6</th></tr><tr class="param stripe"><td>aarav</td><td>abi</td><td>aaravabi786@gmail.com</td><td>aaravabi@123</td><td>aaravabi@123</td><td>9876543210</td></tr></table><p class="totop"><a href="#summary">back to summary</a></p>
<h3 id="m10">Testcases.Tc_03_CreateaccountpageTest#ValidateCreatAccountFunctionality</h3><table class="result"><tr class="param"><th>Parameter #1</th><th>Parameter #2</th><th>Parameter #3</th><th>Parameter #4</th><th>Parameter #5</th><th>Parameter #6</th></tr><tr class="param stripe"><td>aarav</td><td>abi</td><td>aaravabi786@gmail.com</td><td>aaravabi@123</td><td>aaravabi@123</td><td>`</td></tr></table><p class="totop"><a href="#summary">back to summary</a></p>
<h3 id="m11">Testcases.Tc_03_CreateaccountpageTest#ValidateCreatAccountFunctionality</h3><table class="result"><tr class="param"><th>Parameter #1</th><th>Parameter #2</th><th>Parameter #3</th><th>Parameter #4</th><th>Parameter #5</th><th>Parameter #6</th></tr><tr class="param stripe"><td>aarav</td><td>abi</td><td>aaravabi786</td><td>aaravabi@123</td><td>aaravabi@123</td><td>9876543210</td></tr></table><p class="totop"><a href="#summary">back to summary</a></p>
<h3 id="m12">Testcases.Tc_03_CreateaccountpageTest#ValidateCreatAccountFunctionality</h3><table class="result"><tr class="param"><th>Parameter #1</th><th>Parameter #2</th><th>Parameter #3</th><th>Parameter #4</th><th>Parameter #5</th><th>Parameter #6</th></tr><tr class="param stripe"><td>aarav</td><td>abi</td><td>aaravabi786@gmail.com</td><td>aaravabi@123</td><td>`</td><td>9876543210</td></tr></table><p class="totop"><a href="#summary">back to summary</a></p>
<h3 id="m13">Testcases.Tc_03_CreateaccountpageTest#ValidateCreatAccountFunctionality</h3><table class="result"><tr class="param"><th>Parameter #1</th><th>Parameter #2</th><th>Parameter #3</th><th>Parameter #4</th><th>Parameter #5</th><th>Parameter #6</th></tr><tr class="param stripe"><td>aarav</td><td>abi</td><td>aaravabi786@gmail.com</td><td>`</td><td>aaravabi@123</td><td>9876543210</td></tr></table><p class="totop"><a href="#summary">back to summary</a></p>
<h3 id="m14">Testcases.Tc_03_CreateaccountpageTest#ValidateCreatAccountFunctionality</h3><table class="result"><tr class="param"><th>Parameter #1</th><th>Parameter #2</th><th>Parameter #3</th><th>Parameter #4</th><th>Parameter #5</th><th>Parameter #6</th></tr><tr class="param stripe"><td>`</td><td>abi</td><td>aaravabi786@gmail.com</td><td>aaravabi@123</td><td>aaravabi@123</td><td>9876543210</td></tr></table><p class="totop"><a href="#summary">back to summary</a></p>
<h3 id="m15">Testcases.Tc_04_Siginpage#SignIn</h3><table class="result"><tr class="param"><th>Parameter #1</th><th>Parameter #2</th></tr><tr class="param stripe"><td>`</td><td>aaravabi@123</td></tr></table><p class="totop"><a href="#summary">back to summary</a></p>
<h3 id="m16">Testcases.Tc_04_Siginpage#SignIn</h3><table class="result"><tr class="param"><th>Parameter #1</th><th>Parameter #2</th></tr><tr class="param stripe"><td>aaravabi786@gmail.com</td><td>aaravabi</td></tr></table><p class="totop"><a href="#summary">back to summary</a></p>
<h3 id="m17">Testcases.Tc_04_Siginpage#SignIn</h3><table class="result"><tr class="param"><th>Parameter #1</th><th>Parameter #2</th></tr><tr class="param stripe"><td>aaravabi786@gmail.com</td><td>`</td></tr></table><p class="totop"><a href="#summary">back to summary</a></p>
<h3 id="m18">Testcases.Tc_04_Siginpage#SignIn</h3><table class="result"><tr class="param"><th>Parameter #1</th><th>Parameter #2</th></tr><tr class="param stripe"><td>aaravabi786@gmail.com</td><td>aaravabi@123</td></tr></table><p class="totop"><a href="#summary">back to summary</a></p>
<h3 id="m19">Testcases.Tc_05_Homepage#CheckTitleOfAllMenu</h3><table class="result"><tr class="param"><th>Parameter #1</th><th>Parameter #2</th></tr><tr class="param stripe"><td>Top Deals</td><td>Top Deals and Featured Offers on Electronics - Best Buy</td></tr></table><p class="totop"><a href="#summary">back to summary</a></p>
<h3 id="m20">Testcases.Tc_05_Homepage#CheckTitleOfAllMenu</h3><table class="result"><tr class="param"><th>Parameter #1</th><th>Parameter #2</th></tr><tr class="param stripe"><td>My Best Buy Memberships</td><td>My Best Buy Memberships</td></tr></table><p class="totop"><a href="#summary">back to summary</a></p>
<h3 id="m21">Testcases.Tc_05_Homepage#CheckTitleOfAllMenu</h3><table class="result"><tr class="param"><th>Parameter #1</th><th>Parameter #2</th></tr><tr class="param stripe"><td>Yardbird</td><td>Beautiful Outdoor Living For All</td></tr></table><p class="totop"><a href="#summary">back to summary</a></p>
<h3 id="m22">Testcases.Tc_05_Homepage#CheckTitleOfAllMenu</h3><table class="result"><tr class="param"><th>Parameter #1</th><th>Parameter #2</th></tr><tr class="param stripe"><td>Best Buy Business</td><td>Best Buy for Business - Best Buy</td></tr></table><p class="totop"><a href="#summary">back to summary</a></p>
<h3 id="m23">Testcases.Tc_05_Homepage#CheckTitleOfAllMenu</h3><table class="result"><tr class="param"><th>Parameter #1</th><th>Parameter #2</th></tr><tr class="param stripe"><td>Deal of the Day</td><td>Deal of the Day: Electronics Deals - Best Buy</td></tr></table><p class="totop"><a href="#summary">back to summary</a></p>
<h3 id="m24">Testcases.Tc_05_Homepage#CheckTitleOfAllMenu</h3><table class="result"><tr class="param"><th>Parameter #1</th><th>Parameter #2</th></tr><tr class="param stripe"><td>Best Buy Outlet</td><td>Best Buy Outlet: Clearance Electronics Outlet Store â€“ Best Buy</td></tr></table><p class="totop"><a href="#summary">back to summary</a></p>
<h3 id="m25">Testcases.Tc_05_Homepage#validate_BottomLink_HomePage</h3><table class="result"><tr><th class="invisible"/></tr></table><p class="totop"><a href="#summary">back to summary</a></p>
<h3 id="m26">Testcases.Tc_08_Menu_Brand_Select#AddItemShopByBrandMenu</h3><table class="result"><tr><th class="invisible"/></tr></table><p class="totop"><a href="#summary">back to summary</a></p>
</body>
</html>
