<?xml version="1.0" encoding="UTF-8"?>
<testng-results ignored="0" total="27" passed="21" failed="6" skipped="0">
  <reporter-output>
  </reporter-output>
  <suite started-at="2024-09-15T10:56:43 IST" name="Suite" finished-at="2024-09-15T11:07:50 IST" duration-ms="667094">
    <groups>
    </groups>
    <test started-at="2024-09-15T10:56:43 IST" name="Test" finished-at="2024-09-15T11:07:50 IST" duration-ms="667094">
      <class name="Testcases.Tc_08_Menu_Brand_Select">
        <test-method is-config="true" signature="startup()[pri:0, instance:Testcases.Tc_08_Menu_Brand_Select@34a875b3]" started-at="2024-09-15T11:06:19 IST" name="startup" finished-at="2024-09-15T11:06:23 IST" duration-ms="3714" status="PASS">
          <reporter-output>
          </reporter-output>
        </test-method> <!-- startup -->
        <test-method signature="AddItemShopByBrandMenu()[pri:9, instance:Testcases.Tc_08_Menu_Brand_Select@34a875b3]" started-at="2024-09-15T11:06:23 IST" name="AddItemShopByBrandMenu" finished-at="2024-09-15T11:07:14 IST" duration-ms="50985" status="PASS">
          <reporter-output>
          </reporter-output>
        </test-method> <!-- AddItemShopByBrandMenu -->
        <test-method is-config="true" signature="close()[pri:0, instance:Testcases.Tc_08_Menu_Brand_Select@34a875b3]" started-at="2024-09-15T11:07:14 IST" name="close" finished-at="2024-09-15T11:07:15 IST" duration-ms="342" status="PASS">
          <reporter-output>
          </reporter-output>
        </test-method> <!-- close -->
      </class> <!-- Testcases.Tc_08_Menu_Brand_Select -->
      <class name="Testcases.Tc_02_Verify_LinkBroken">
        <test-method is-config="true" signature="startup()[pri:0, instance:Testcases.Tc_02_Verify_LinkBroken@46dffdc3]" started-at="2024-09-15T10:56:59 IST" name="startup" finished-at="2024-09-15T10:57:04 IST" duration-ms="4540" status="PASS">
          <reporter-output>
          </reporter-output>
        </test-method> <!-- startup -->
        <test-method signature="ValidateUrlIsNotBroken()[pri:2, instance:Testcases.Tc_02_Verify_LinkBroken@46dffdc3]" started-at="2024-09-15T10:57:04 IST" name="ValidateUrlIsNotBroken" finished-at="2024-09-15T10:57:26 IST" duration-ms="21946" status="PASS">
          <reporter-output>
          </reporter-output>
        </test-method> <!-- ValidateUrlIsNotBroken -->
        <test-method is-config="true" signature="close()[pri:0, instance:Testcases.Tc_02_Verify_LinkBroken@46dffdc3]" started-at="2024-09-15T10:57:26 IST" name="close" finished-at="2024-09-15T10:57:26 IST" duration-ms="245" status="PASS">
          <reporter-output>
          </reporter-output>
        </test-method> <!-- close -->
      </class> <!-- Testcases.Tc_02_Verify_LinkBroken -->
      <class name="Testcases.Tc_05_Homepage">
        <test-method is-config="true" signature="setup()[pri:0, instance:Testcases.Tc_05_Homepage@6ad3381f]" started-at="2024-09-15T10:56:43 IST" name="setup" finished-at="2024-09-15T10:56:43 IST" duration-ms="0" status="PASS">
          <reporter-output>
          </reporter-output>
        </test-method> <!-- setup -->
        <test-method is-config="true" signature="startup()[pri:0, instance:Testcases.Tc_05_Homepage@6ad3381f]" started-at="2024-09-15T11:01:48 IST" name="startup" finished-at="2024-09-15T11:01:51 IST" duration-ms="3875" status="PASS">
          <reporter-output>
          </reporter-output>
        </test-method> <!-- startup -->
        <test-method signature="CheckTitleOfAllMenu(java.lang.String,java.lang.String)[pri:5, instance:Testcases.Tc_05_Homepage@6ad3381f]" started-at="2024-09-15T11:01:51 IST" name="CheckTitleOfAllMenu" data-provider="Testdata" finished-at="2024-09-15T11:02:07 IST" duration-ms="15995" status="PASS">
          <params>
            <param index="0">
              <value>
                <![CDATA[Top Deals]]>
              </value>
            </param>
            <param index="1">
              <value>
                <![CDATA[Top Deals and Featured Offers on Electronics - Best Buy]]>
              </value>
            </param>
          </params>
          <reporter-output>
          </reporter-output>
        </test-method> <!-- CheckTitleOfAllMenu -->
        <test-method is-config="true" signature="close()[pri:0, instance:Testcases.Tc_05_Homepage@6ad3381f]" started-at="2024-09-15T11:02:08 IST" name="close" finished-at="2024-09-15T11:02:08 IST" duration-ms="321" status="PASS">
          <reporter-output>
          </reporter-output>
        </test-method> <!-- close -->
        <test-method is-config="true" signature="startup()[pri:0, instance:Testcases.Tc_05_Homepage@6ad3381f]" started-at="2024-09-15T11:02:08 IST" name="startup" finished-at="2024-09-15T11:02:12 IST" duration-ms="3761" status="PASS">
          <reporter-output>
          </reporter-output>
        </test-method> <!-- startup -->
        <test-method signature="CheckTitleOfAllMenu(java.lang.String,java.lang.String)[pri:5, instance:Testcases.Tc_05_Homepage@6ad3381f]" started-at="2024-09-15T11:02:12 IST" name="CheckTitleOfAllMenu" data-provider="Testdata" finished-at="2024-09-15T11:02:26 IST" duration-ms="14101" status="PASS">
          <params>
            <param index="0">
              <value>
                <![CDATA[Deal of the Day]]>
              </value>
            </param>
            <param index="1">
              <value>
                <![CDATA[Deal of the Day: Electronics Deals - Best Buy]]>
              </value>
            </param>
          </params>
          <reporter-output>
          </reporter-output>
        </test-method> <!-- CheckTitleOfAllMenu -->
        <test-method is-config="true" signature="close()[pri:0, instance:Testcases.Tc_05_Homepage@6ad3381f]" started-at="2024-09-15T11:02:26 IST" name="close" finished-at="2024-09-15T11:02:26 IST" duration-ms="248" status="PASS">
          <reporter-output>
          </reporter-output>
        </test-method> <!-- close -->
        <test-method is-config="true" signature="startup()[pri:0, instance:Testcases.Tc_05_Homepage@6ad3381f]" started-at="2024-09-15T11:02:26 IST" name="startup" finished-at="2024-09-15T11:02:31 IST" duration-ms="5124" status="PASS">
          <reporter-output>
          </reporter-output>
        </test-method> <!-- startup -->
        <test-method signature="CheckTitleOfAllMenu(java.lang.String,java.lang.String)[pri:5, instance:Testcases.Tc_05_Homepage@6ad3381f]" started-at="2024-09-15T11:02:31 IST" name="CheckTitleOfAllMenu" data-provider="Testdata" finished-at="2024-09-15T11:02:44 IST" duration-ms="12920" status="PASS">
          <params>
            <param index="0">
              <value>
                <![CDATA[My Best Buy Memberships]]>
              </value>
            </param>
            <param index="1">
              <value>
                <![CDATA[My Best Buy Memberships]]>
              </value>
            </param>
          </params>
          <reporter-output>
          </reporter-output>
        </test-method> <!-- CheckTitleOfAllMenu -->
        <test-method is-config="true" signature="close()[pri:0, instance:Testcases.Tc_05_Homepage@6ad3381f]" started-at="2024-09-15T11:02:45 IST" name="close" finished-at="2024-09-15T11:02:45 IST" duration-ms="320" status="PASS">
          <reporter-output>
          </reporter-output>
        </test-method> <!-- close -->
        <test-method is-config="true" signature="startup()[pri:0, instance:Testcases.Tc_05_Homepage@6ad3381f]" started-at="2024-09-15T11:02:45 IST" name="startup" finished-at="2024-09-15T11:02:49 IST" duration-ms="4501" status="PASS">
          <reporter-output>
          </reporter-output>
        </test-method> <!-- startup -->
        <test-method signature="CheckTitleOfAllMenu(java.lang.String,java.lang.String)[pri:5, instance:Testcases.Tc_05_Homepage@6ad3381f]" started-at="2024-09-15T11:02:49 IST" name="CheckTitleOfAllMenu" data-provider="Testdata" finished-at="2024-09-15T11:03:11 IST" duration-ms="21461" status="FAIL">
          <params>
            <param index="0">
              <value>
                <![CDATA[Credit Cards]]>
              </value>
            </param>
            <param index="1">
              <value>
                <![CDATA[Best Buy Credit Card: Rewards & Financing]]>
              </value>
            </param>
          </params>
          <exception class="org.openqa.selenium.TimeoutException">
            <message>
              <![CDATA[Expected condition failed: waiting for visibility of [[ChromeDriver: chrome on windows (f7a64c144f1fc924d239a74dc5d3673f)] -> xpath: //a[text()='Credit Cards']] (tried for 15 second(s) with 500 milliseconds interval)
Build info: version: '4.16.1', revision: '9b4c83354e'
System info: os.name: 'Windows 10', os.arch: 'amd64', os.version: '10.0', java.version: '16.0.2'
Driver info: org.openqa.selenium.chrome.ChromeDriver
Capabilities {acceptInsecureCerts: false, browserName: chrome, browserVersion: 128.0.6613.138, chrome: {chromedriverVersion: 128.0.6613.137 (fe621c5aa2d..., userDataDir: C:\Users\abina\AppData\Loca...}, fedcm:accounts: true, goog:chromeOptions: {debuggerAddress: localhost:59692}, networkConnectionEnabled: false, pageLoadStrategy: normal, platformName: windows, proxy: Proxy(), se:cdp: ws://localhost:59692/devtoo..., se:cdpVersion: 128.0.6613.138, setWindowRect: true, strictFileInteractability: false, timeouts: {implicit: 0, pageLoad: 300000, script: 30000}, unhandledPromptBehavior: dismiss and notify, webauthn:extension:credBlob: true, webauthn:extension:largeBlob: true, webauthn:extension:minPinLength: true, webauthn:extension:prf: true, webauthn:virtualAuthenticators: true}
Session ID: f7a64c144f1fc924d239a74dc5d3673f]]>
            </message>
            <full-stacktrace>
              <![CDATA[org.openqa.selenium.TimeoutException: Expected condition failed: waiting for visibility of [[ChromeDriver: chrome on windows (f7a64c144f1fc924d239a74dc5d3673f)] -> xpath: //a[text()='Credit Cards']] (tried for 15 second(s) with 500 milliseconds interval)
Build info: version: '4.16.1', revision: '9b4c83354e'
System info: os.name: 'Windows 10', os.arch: 'amd64', os.version: '10.0', java.version: '16.0.2'
Driver info: org.openqa.selenium.chrome.ChromeDriver
Capabilities {acceptInsecureCerts: false, browserName: chrome, browserVersion: 128.0.6613.138, chrome: {chromedriverVersion: 128.0.6613.137 (fe621c5aa2d..., userDataDir: C:\Users\abina\AppData\Loca...}, fedcm:accounts: true, goog:chromeOptions: {debuggerAddress: localhost:59692}, networkConnectionEnabled: false, pageLoadStrategy: normal, platformName: windows, proxy: Proxy(), se:cdp: ws://localhost:59692/devtoo..., se:cdpVersion: 128.0.6613.138, setWindowRect: true, strictFileInteractability: false, timeouts: {implicit: 0, pageLoad: 300000, script: 30000}, unhandledPromptBehavior: dismiss and notify, webauthn:extension:credBlob: true, webauthn:extension:largeBlob: true, webauthn:extension:minPinLength: true, webauthn:extension:prf: true, webauthn:virtualAuthenticators: true}
Session ID: f7a64c144f1fc924d239a74dc5d3673f
at org.openqa.selenium.support.ui.WebDriverWait.timeoutException(WebDriverWait.java:84)
at org.openqa.selenium.support.ui.FluentWait.until(FluentWait.java:229)
at Utilities.Utility.waitExplicit(Utility.java:114)
at Utilities.Utility.clickOn(Utility.java:170)
at Pageobject.Homepage.menuValidation(Homepage.java:166)
at Testcases.Tc_05_Homepage.CheckTitleOfAllMenu(Tc_05_Homepage.java:26)
at java.base/jdk.internal.reflect.NativeMethodAccessorImpl.invoke0(Native Method)
at java.base/jdk.internal.reflect.NativeMethodAccessorImpl.invoke(NativeMethodAccessorImpl.java:78)
at java.base/jdk.internal.reflect.DelegatingMethodAccessorImpl.invoke(DelegatingMethodAccessorImpl.java:43)
at java.base/java.lang.reflect.Method.invoke(Method.java:567)
at org.testng.internal.invokers.MethodInvocationHelper.invokeMethod(MethodInvocationHelper.java:141)
at org.testng.internal.invokers.TestInvoker.invokeMethod(TestInvoker.java:686)
at org.testng.internal.invokers.TestInvoker.invokeTestMethod(TestInvoker.java:230)
at org.testng.internal.invokers.MethodRunner.runInSequence(MethodRunner.java:63)
at org.testng.internal.invokers.TestInvoker$MethodInvocationAgent.invoke(TestInvoker.java:992)
at org.testng.internal.invokers.TestInvoker.invokeTestMethods(TestInvoker.java:203)
at org.testng.internal.invokers.TestMethodWorker.invokeTestMethods(TestMethodWorker.java:154)
at org.testng.internal.invokers.TestMethodWorker.run(TestMethodWorker.java:134)
at java.base/java.util.ArrayList.forEach(ArrayList.java:1511)
at org.testng.TestRunner.privateRun(TestRunner.java:739)
at org.testng.TestRunner.run(TestRunner.java:614)
at org.testng.SuiteRunner.runTest(SuiteRunner.java:421)
at org.testng.SuiteRunner.runSequentially(SuiteRunner.java:413)
at org.testng.SuiteRunner.privateRun(SuiteRunner.java:373)
at org.testng.SuiteRunner.run(SuiteRunner.java:312)
at org.testng.SuiteRunnerWorker.runSuite(SuiteRunnerWorker.java:52)
at org.testng.SuiteRunnerWorker.run(SuiteRunnerWorker.java:95)
at org.testng.TestNG.runSuitesSequentially(TestNG.java:1274)
at org.testng.TestNG.runSuitesLocally(TestNG.java:1208)
at org.testng.TestNG.runSuites(TestNG.java:1112)
at org.testng.TestNG.run(TestNG.java:1079)
at org.testng.remote.AbstractRemoteTestNG.run(AbstractRemoteTestNG.java:115)
at org.testng.remote.RemoteTestNG.initAndRun(RemoteTestNG.java:293)
at org.testng.remote.RemoteTestNG.main(RemoteTestNG.java:91)
]]>
            </full-stacktrace>
          </exception> <!-- org.openqa.selenium.TimeoutException -->
          <reporter-output>
          </reporter-output>
        </test-method> <!-- CheckTitleOfAllMenu -->
        <test-method is-config="true" signature="close()[pri:0, instance:Testcases.Tc_05_Homepage@6ad3381f]" started-at="2024-09-15T11:03:11 IST" name="close" finished-at="2024-09-15T11:03:11 IST" duration-ms="248" status="PASS">
          <reporter-output>
          </reporter-output>
        </test-method> <!-- close -->
        <test-method is-config="true" signature="startup()[pri:0, instance:Testcases.Tc_05_Homepage@6ad3381f]" started-at="2024-09-15T11:03:11 IST" name="startup" finished-at="2024-09-15T11:03:16 IST" duration-ms="4527" status="PASS">
          <reporter-output>
          </reporter-output>
        </test-method> <!-- startup -->
        <test-method signature="CheckTitleOfAllMenu(java.lang.String,java.lang.String)[pri:5, instance:Testcases.Tc_05_Homepage@6ad3381f]" started-at="2024-09-15T11:03:16 IST" name="CheckTitleOfAllMenu" data-provider="Testdata" finished-at="2024-09-15T11:03:38 IST" duration-ms="22276" status="FAIL">
          <params>
            <param index="0">
              <value>
                <![CDATA[Gift Cards]]>
              </value>
            </param>
            <param index="1">
              <value>
                <![CDATA[Gifts Cards and E-Gift Cards - Best Buy]]>
              </value>
            </param>
          </params>
          <exception class="org.openqa.selenium.TimeoutException">
            <message>
              <![CDATA[Expected condition failed: waiting for visibility of [[ChromeDriver: chrome on windows (2ef54cac0e7a150cd94836c3505f9387)] -> xpath: //a[text()='Gift Cards']] (tried for 15 second(s) with 500 milliseconds interval)
Build info: version: '4.16.1', revision: '9b4c83354e'
System info: os.name: 'Windows 10', os.arch: 'amd64', os.version: '10.0', java.version: '16.0.2'
Driver info: org.openqa.selenium.chrome.ChromeDriver
Capabilities {acceptInsecureCerts: false, browserName: chrome, browserVersion: 128.0.6613.138, chrome: {chromedriverVersion: 128.0.6613.137 (fe621c5aa2d..., userDataDir: C:\Users\abina\AppData\Loca...}, fedcm:accounts: true, goog:chromeOptions: {debuggerAddress: localhost:59809}, networkConnectionEnabled: false, pageLoadStrategy: normal, platformName: windows, proxy: Proxy(), se:cdp: ws://localhost:59809/devtoo..., se:cdpVersion: 128.0.6613.138, setWindowRect: true, strictFileInteractability: false, timeouts: {implicit: 0, pageLoad: 300000, script: 30000}, unhandledPromptBehavior: dismiss and notify, webauthn:extension:credBlob: true, webauthn:extension:largeBlob: true, webauthn:extension:minPinLength: true, webauthn:extension:prf: true, webauthn:virtualAuthenticators: true}
Session ID: 2ef54cac0e7a150cd94836c3505f9387]]>
            </message>
            <full-stacktrace>
              <![CDATA[org.openqa.selenium.TimeoutException: Expected condition failed: waiting for visibility of [[ChromeDriver: chrome on windows (2ef54cac0e7a150cd94836c3505f9387)] -> xpath: //a[text()='Gift Cards']] (tried for 15 second(s) with 500 milliseconds interval)
Build info: version: '4.16.1', revision: '9b4c83354e'
System info: os.name: 'Windows 10', os.arch: 'amd64', os.version: '10.0', java.version: '16.0.2'
Driver info: org.openqa.selenium.chrome.ChromeDriver
Capabilities {acceptInsecureCerts: false, browserName: chrome, browserVersion: 128.0.6613.138, chrome: {chromedriverVersion: 128.0.6613.137 (fe621c5aa2d..., userDataDir: C:\Users\abina\AppData\Loca...}, fedcm:accounts: true, goog:chromeOptions: {debuggerAddress: localhost:59809}, networkConnectionEnabled: false, pageLoadStrategy: normal, platformName: windows, proxy: Proxy(), se:cdp: ws://localhost:59809/devtoo..., se:cdpVersion: 128.0.6613.138, setWindowRect: true, strictFileInteractability: false, timeouts: {implicit: 0, pageLoad: 300000, script: 30000}, unhandledPromptBehavior: dismiss and notify, webauthn:extension:credBlob: true, webauthn:extension:largeBlob: true, webauthn:extension:minPinLength: true, webauthn:extension:prf: true, webauthn:virtualAuthenticators: true}
Session ID: 2ef54cac0e7a150cd94836c3505f9387
at org.openqa.selenium.support.ui.WebDriverWait.timeoutException(WebDriverWait.java:84)
at org.openqa.selenium.support.ui.FluentWait.until(FluentWait.java:229)
at Utilities.Utility.waitExplicit(Utility.java:114)
at Utilities.Utility.clickOn(Utility.java:170)
at Pageobject.Homepage.menuValidation(Homepage.java:166)
at Testcases.Tc_05_Homepage.CheckTitleOfAllMenu(Tc_05_Homepage.java:26)
at java.base/jdk.internal.reflect.NativeMethodAccessorImpl.invoke0(Native Method)
at java.base/jdk.internal.reflect.NativeMethodAccessorImpl.invoke(NativeMethodAccessorImpl.java:78)
at java.base/jdk.internal.reflect.DelegatingMethodAccessorImpl.invoke(DelegatingMethodAccessorImpl.java:43)
at java.base/java.lang.reflect.Method.invoke(Method.java:567)
at org.testng.internal.invokers.MethodInvocationHelper.invokeMethod(MethodInvocationHelper.java:141)
at org.testng.internal.invokers.TestInvoker.invokeMethod(TestInvoker.java:686)
at org.testng.internal.invokers.TestInvoker.invokeTestMethod(TestInvoker.java:230)
at org.testng.internal.invokers.MethodRunner.runInSequence(MethodRunner.java:63)
at org.testng.internal.invokers.TestInvoker$MethodInvocationAgent.invoke(TestInvoker.java:992)
at org.testng.internal.invokers.TestInvoker.invokeTestMethods(TestInvoker.java:203)
at org.testng.internal.invokers.TestMethodWorker.invokeTestMethods(TestMethodWorker.java:154)
at org.testng.internal.invokers.TestMethodWorker.run(TestMethodWorker.java:134)
at java.base/java.util.ArrayList.forEach(ArrayList.java:1511)
at org.testng.TestRunner.privateRun(TestRunner.java:739)
at org.testng.TestRunner.run(TestRunner.java:614)
at org.testng.SuiteRunner.runTest(SuiteRunner.java:421)
at org.testng.SuiteRunner.runSequentially(SuiteRunner.java:413)
at org.testng.SuiteRunner.privateRun(SuiteRunner.java:373)
at org.testng.SuiteRunner.run(SuiteRunner.java:312)
at org.testng.SuiteRunnerWorker.runSuite(SuiteRunnerWorker.java:52)
at org.testng.SuiteRunnerWorker.run(SuiteRunnerWorker.java:95)
at org.testng.TestNG.runSuitesSequentially(TestNG.java:1274)
at org.testng.TestNG.runSuitesLocally(TestNG.java:1208)
at org.testng.TestNG.runSuites(TestNG.java:1112)
at org.testng.TestNG.run(TestNG.java:1079)
at org.testng.remote.AbstractRemoteTestNG.run(AbstractRemoteTestNG.java:115)
at org.testng.remote.RemoteTestNG.initAndRun(RemoteTestNG.java:293)
at org.testng.remote.RemoteTestNG.main(RemoteTestNG.java:91)
]]>
            </full-stacktrace>
          </exception> <!-- org.openqa.selenium.TimeoutException -->
          <reporter-output>
          </reporter-output>
        </test-method> <!-- CheckTitleOfAllMenu -->
        <test-method is-config="true" signature="close()[pri:0, instance:Testcases.Tc_05_Homepage@6ad3381f]" started-at="2024-09-15T11:03:38 IST" name="close" finished-at="2024-09-15T11:03:39 IST" duration-ms="215" status="PASS">
          <reporter-output>
          </reporter-output>
        </test-method> <!-- close -->
        <test-method is-config="true" signature="startup()[pri:0, instance:Testcases.Tc_05_Homepage@6ad3381f]" started-at="2024-09-15T11:03:39 IST" name="startup" finished-at="2024-09-15T11:03:43 IST" duration-ms="4429" status="PASS">
          <reporter-output>
          </reporter-output>
        </test-method> <!-- startup -->
        <test-method signature="CheckTitleOfAllMenu(java.lang.String,java.lang.String)[pri:5, instance:Testcases.Tc_05_Homepage@6ad3381f]" started-at="2024-09-15T11:03:43 IST" name="CheckTitleOfAllMenu" data-provider="Testdata" finished-at="2024-09-15T11:04:05 IST" duration-ms="22201" status="FAIL">
          <params>
            <param index="0">
              <value>
                <![CDATA[Gift Ideas]]>
              </value>
            </param>
            <param index="1">
              <value>
                <![CDATA[Gift Ideas 2023: Best Gifts to Give This Year - Best Buy]]>
              </value>
            </param>
          </params>
          <exception class="org.openqa.selenium.TimeoutException">
            <message>
              <![CDATA[Expected condition failed: waiting for visibility of [[ChromeDriver: chrome on windows (5e414222bcd9e2db3702b1cc23f460d2)] -> xpath: //a[text()='Gift Ideas']] (tried for 15 second(s) with 500 milliseconds interval)
Build info: version: '4.16.1', revision: '9b4c83354e'
System info: os.name: 'Windows 10', os.arch: 'amd64', os.version: '10.0', java.version: '16.0.2'
Driver info: org.openqa.selenium.chrome.ChromeDriver
Capabilities {acceptInsecureCerts: false, browserName: chrome, browserVersion: 128.0.6613.138, chrome: {chromedriverVersion: 128.0.6613.137 (fe621c5aa2d..., userDataDir: C:\Users\abina\AppData\Loca...}, fedcm:accounts: true, goog:chromeOptions: {debuggerAddress: localhost:59933}, networkConnectionEnabled: false, pageLoadStrategy: normal, platformName: windows, proxy: Proxy(), se:cdp: ws://localhost:59933/devtoo..., se:cdpVersion: 128.0.6613.138, setWindowRect: true, strictFileInteractability: false, timeouts: {implicit: 0, pageLoad: 300000, script: 30000}, unhandledPromptBehavior: dismiss and notify, webauthn:extension:credBlob: true, webauthn:extension:largeBlob: true, webauthn:extension:minPinLength: true, webauthn:extension:prf: true, webauthn:virtualAuthenticators: true}
Session ID: 5e414222bcd9e2db3702b1cc23f460d2]]>
            </message>
            <full-stacktrace>
              <![CDATA[org.openqa.selenium.TimeoutException: Expected condition failed: waiting for visibility of [[ChromeDriver: chrome on windows (5e414222bcd9e2db3702b1cc23f460d2)] -> xpath: //a[text()='Gift Ideas']] (tried for 15 second(s) with 500 milliseconds interval)
Build info: version: '4.16.1', revision: '9b4c83354e'
System info: os.name: 'Windows 10', os.arch: 'amd64', os.version: '10.0', java.version: '16.0.2'
Driver info: org.openqa.selenium.chrome.ChromeDriver
Capabilities {acceptInsecureCerts: false, browserName: chrome, browserVersion: 128.0.6613.138, chrome: {chromedriverVersion: 128.0.6613.137 (fe621c5aa2d..., userDataDir: C:\Users\abina\AppData\Loca...}, fedcm:accounts: true, goog:chromeOptions: {debuggerAddress: localhost:59933}, networkConnectionEnabled: false, pageLoadStrategy: normal, platformName: windows, proxy: Proxy(), se:cdp: ws://localhost:59933/devtoo..., se:cdpVersion: 128.0.6613.138, setWindowRect: true, strictFileInteractability: false, timeouts: {implicit: 0, pageLoad: 300000, script: 30000}, unhandledPromptBehavior: dismiss and notify, webauthn:extension:credBlob: true, webauthn:extension:largeBlob: true, webauthn:extension:minPinLength: true, webauthn:extension:prf: true, webauthn:virtualAuthenticators: true}
Session ID: 5e414222bcd9e2db3702b1cc23f460d2
at org.openqa.selenium.support.ui.WebDriverWait.timeoutException(WebDriverWait.java:84)
at org.openqa.selenium.support.ui.FluentWait.until(FluentWait.java:229)
at Utilities.Utility.waitExplicit(Utility.java:114)
at Utilities.Utility.clickOn(Utility.java:170)
at Pageobject.Homepage.menuValidation(Homepage.java:166)
at Testcases.Tc_05_Homepage.CheckTitleOfAllMenu(Tc_05_Homepage.java:26)
at java.base/jdk.internal.reflect.NativeMethodAccessorImpl.invoke0(Native Method)
at java.base/jdk.internal.reflect.NativeMethodAccessorImpl.invoke(NativeMethodAccessorImpl.java:78)
at java.base/jdk.internal.reflect.DelegatingMethodAccessorImpl.invoke(DelegatingMethodAccessorImpl.java:43)
at java.base/java.lang.reflect.Method.invoke(Method.java:567)
at org.testng.internal.invokers.MethodInvocationHelper.invokeMethod(MethodInvocationHelper.java:141)
at org.testng.internal.invokers.TestInvoker.invokeMethod(TestInvoker.java:686)
at org.testng.internal.invokers.TestInvoker.invokeTestMethod(TestInvoker.java:230)
at org.testng.internal.invokers.MethodRunner.runInSequence(MethodRunner.java:63)
at org.testng.internal.invokers.TestInvoker$MethodInvocationAgent.invoke(TestInvoker.java:992)
at org.testng.internal.invokers.TestInvoker.invokeTestMethods(TestInvoker.java:203)
at org.testng.internal.invokers.TestMethodWorker.invokeTestMethods(TestMethodWorker.java:154)
at org.testng.internal.invokers.TestMethodWorker.run(TestMethodWorker.java:134)
at java.base/java.util.ArrayList.forEach(ArrayList.java:1511)
at org.testng.TestRunner.privateRun(TestRunner.java:739)
at org.testng.TestRunner.run(TestRunner.java:614)
at org.testng.SuiteRunner.runTest(SuiteRunner.java:421)
at org.testng.SuiteRunner.runSequentially(SuiteRunner.java:413)
at org.testng.SuiteRunner.privateRun(SuiteRunner.java:373)
at org.testng.SuiteRunner.run(SuiteRunner.java:312)
at org.testng.SuiteRunnerWorker.runSuite(SuiteRunnerWorker.java:52)
at org.testng.SuiteRunnerWorker.run(SuiteRunnerWorker.java:95)
at org.testng.TestNG.runSuitesSequentially(TestNG.java:1274)
at org.testng.TestNG.runSuitesLocally(TestNG.java:1208)
at org.testng.TestNG.runSuites(TestNG.java:1112)
at org.testng.TestNG.run(TestNG.java:1079)
at org.testng.remote.AbstractRemoteTestNG.run(AbstractRemoteTestNG.java:115)
at org.testng.remote.RemoteTestNG.initAndRun(RemoteTestNG.java:293)
at org.testng.remote.RemoteTestNG.main(RemoteTestNG.java:91)
]]>
            </full-stacktrace>
          </exception> <!-- org.openqa.selenium.TimeoutException -->
          <reporter-output>
          </reporter-output>
        </test-method> <!-- CheckTitleOfAllMenu -->
        <test-method is-config="true" signature="close()[pri:0, instance:Testcases.Tc_05_Homepage@6ad3381f]" started-at="2024-09-15T11:04:06 IST" name="close" finished-at="2024-09-15T11:04:06 IST" duration-ms="322" status="PASS">
          <reporter-output>
          </reporter-output>
        </test-method> <!-- close -->
        <test-method is-config="true" signature="startup()[pri:0, instance:Testcases.Tc_05_Homepage@6ad3381f]" started-at="2024-09-15T11:04:06 IST" name="startup" finished-at="2024-09-15T11:04:10 IST" duration-ms="4529" status="PASS">
          <reporter-output>
          </reporter-output>
        </test-method> <!-- startup -->
        <test-method signature="CheckTitleOfAllMenu(java.lang.String,java.lang.String)[pri:5, instance:Testcases.Tc_05_Homepage@6ad3381f]" started-at="2024-09-15T11:04:10 IST" name="CheckTitleOfAllMenu" data-provider="Testdata" finished-at="2024-09-15T11:04:16 IST" duration-ms="5899" status="PASS">
          <params>
            <param index="0">
              <value>
                <![CDATA[Yardbird]]>
              </value>
            </param>
            <param index="1">
              <value>
                <![CDATA[Beautiful Outdoor Living For All]]>
              </value>
            </param>
          </params>
          <reporter-output>
          </reporter-output>
        </test-method> <!-- CheckTitleOfAllMenu -->
        <test-method is-config="true" signature="close()[pri:0, instance:Testcases.Tc_05_Homepage@6ad3381f]" started-at="2024-09-15T11:04:16 IST" name="close" finished-at="2024-09-15T11:04:17 IST" duration-ms="211" status="PASS">
          <reporter-output>
          </reporter-output>
        </test-method> <!-- close -->
        <test-method is-config="true" signature="startup()[pri:0, instance:Testcases.Tc_05_Homepage@6ad3381f]" started-at="2024-09-15T11:04:17 IST" name="startup" finished-at="2024-09-15T11:04:22 IST" duration-ms="5247" status="PASS">
          <reporter-output>
          </reporter-output>
        </test-method> <!-- startup -->
        <test-method signature="CheckTitleOfAllMenu(java.lang.String,java.lang.String)[pri:5, instance:Testcases.Tc_05_Homepage@6ad3381f]" started-at="2024-09-15T11:04:22 IST" name="CheckTitleOfAllMenu" data-provider="Testdata" finished-at="2024-09-15T11:04:34 IST" duration-ms="12106" status="PASS">
          <params>
            <param index="0">
              <value>
                <![CDATA[Best Buy Outlet]]>
              </value>
            </param>
            <param index="1">
              <value>
                <![CDATA[Best Buy Outlet: Clearance Electronics Outlet Store â€“ Best Buy]]>
              </value>
            </param>
          </params>
          <reporter-output>
          </reporter-output>
        </test-method> <!-- CheckTitleOfAllMenu -->
        <test-method is-config="true" signature="close()[pri:0, instance:Testcases.Tc_05_Homepage@6ad3381f]" started-at="2024-09-15T11:04:34 IST" name="close" finished-at="2024-09-15T11:04:34 IST" duration-ms="241" status="PASS">
          <reporter-output>
          </reporter-output>
        </test-method> <!-- close -->
        <test-method is-config="true" signature="startup()[pri:0, instance:Testcases.Tc_05_Homepage@6ad3381f]" started-at="2024-09-15T11:04:34 IST" name="startup" finished-at="2024-09-15T11:04:39 IST" duration-ms="4714" status="PASS">
          <reporter-output>
          </reporter-output>
        </test-method> <!-- startup -->
        <test-method signature="CheckTitleOfAllMenu(java.lang.String,java.lang.String)[pri:5, instance:Testcases.Tc_05_Homepage@6ad3381f]" started-at="2024-09-15T11:04:39 IST" name="CheckTitleOfAllMenu" data-provider="Testdata" finished-at="2024-09-15T11:04:50 IST" duration-ms="10969" status="PASS">
          <params>
            <param index="0">
              <value>
                <![CDATA[Best Buy Business]]>
              </value>
            </param>
            <param index="1">
              <value>
                <![CDATA[Best Buy for Business - Best Buy]]>
              </value>
            </param>
          </params>
          <reporter-output>
          </reporter-output>
        </test-method> <!-- CheckTitleOfAllMenu -->
        <test-method is-config="true" signature="close()[pri:0, instance:Testcases.Tc_05_Homepage@6ad3381f]" started-at="2024-09-15T11:04:50 IST" name="close" finished-at="2024-09-15T11:04:51 IST" duration-ms="308" status="PASS">
          <reporter-output>
          </reporter-output>
        </test-method> <!-- close -->
        <test-method is-config="true" signature="startup()[pri:0, instance:Testcases.Tc_05_Homepage@6ad3381f]" started-at="2024-09-15T11:04:51 IST" name="startup" finished-at="2024-09-15T11:04:55 IST" duration-ms="4380" status="PASS">
          <reporter-output>
          </reporter-output>
        </test-method> <!-- startup -->
        <test-method signature="validate_BottomLink_HomePage()[pri:6, instance:Testcases.Tc_05_Homepage@6ad3381f]" started-at="2024-09-15T11:04:55 IST" name="validate_BottomLink_HomePage" finished-at="2024-09-15T11:05:06 IST" duration-ms="11219" status="PASS">
          <reporter-output>
          </reporter-output>
        </test-method> <!-- validate_BottomLink_HomePage -->
        <test-method is-config="true" signature="close()[pri:0, instance:Testcases.Tc_05_Homepage@6ad3381f]" started-at="2024-09-15T11:05:06 IST" name="close" finished-at="2024-09-15T11:05:07 IST" duration-ms="229" status="PASS">
          <reporter-output>
          </reporter-output>
        </test-method> <!-- close -->
      </class> <!-- Testcases.Tc_05_Homepage -->
      <class name="Testcases.Tc_09_Checkout_fillingpage">
        <test-method is-config="true" signature="startup()[pri:0, instance:Testcases.Tc_09_Checkout_fillingpage@4748a0f9]" started-at="2024-09-15T11:07:15 IST" name="startup" finished-at="2024-09-15T11:07:19 IST" duration-ms="4731" status="PASS">
          <reporter-output>
          </reporter-output>
        </test-method> <!-- startup -->
        <test-method signature="CheckOutPageFillingas_using_guest()[pri:10, instance:Testcases.Tc_09_Checkout_fillingpage@4748a0f9]" started-at="2024-09-15T11:07:19 IST" name="CheckOutPageFillingas_using_guest" finished-at="2024-09-15T11:07:49 IST" duration-ms="30049" status="FAIL">
          <exception class="org.openqa.selenium.NoSuchElementException">
            <message>
              <![CDATA[no such element: Unable to locate element: {"method":"xpath","selector":"(//a[contains(text(),'Logitech - PRO X SUPERLIGHT Lightweight Wireless O')])[1]"}
  (Session info: chrome=128.0.6613.138)
For documentation on this error, please visit: https://www.selenium.dev/documentation/webdriver/troubleshooting/errors#no-such-element-exception
Build info: version: '4.16.1', revision: '9b4c83354e'
System info: os.name: 'Windows 10', os.arch: 'amd64', os.version: '10.0', java.version: '16.0.2'
Driver info: org.openqa.selenium.chrome.ChromeDriver
Command: [b4e5748ce8985a474ca9c68e7bef1e84, findElement {using=xpath, value=(//a[contains(text(),'Logitech - PRO X SUPERLIGHT Lightweight Wireless O')])[1]}]
Capabilities {acceptInsecureCerts: false, browserName: chrome, browserVersion: 128.0.6613.138, chrome: {chromedriverVersion: 128.0.6613.137 (fe621c5aa2d..., userDataDir: C:\Users\abina\AppData\Loca...}, fedcm:accounts: true, goog:chromeOptions: {debuggerAddress: localhost:61130}, networkConnectionEnabled: false, pageLoadStrategy: normal, platformName: windows, proxy: Proxy(), se:cdp: ws://localhost:61130/devtoo..., se:cdpVersion: 128.0.6613.138, setWindowRect: true, strictFileInteractability: false, timeouts: {implicit: 0, pageLoad: 300000, script: 30000}, unhandledPromptBehavior: dismiss and notify, webauthn:extension:credBlob: true, webauthn:extension:largeBlob: true, webauthn:extension:minPinLength: true, webauthn:extension:prf: true, webauthn:virtualAuthenticators: true}
Session ID: b4e5748ce8985a474ca9c68e7bef1e84]]>
            </message>
            <full-stacktrace>
              <![CDATA[org.openqa.selenium.NoSuchElementException: no such element: Unable to locate element: {"method":"xpath","selector":"(//a[contains(text(),'Logitech - PRO X SUPERLIGHT Lightweight Wireless O')])[1]"}
  (Session info: chrome=128.0.6613.138)
For documentation on this error, please visit: https://www.selenium.dev/documentation/webdriver/troubleshooting/errors#no-such-element-exception
Build info: version: '4.16.1', revision: '9b4c83354e'
System info: os.name: 'Windows 10', os.arch: 'amd64', os.version: '10.0', java.version: '16.0.2'
Driver info: org.openqa.selenium.chrome.ChromeDriver
Command: [b4e5748ce8985a474ca9c68e7bef1e84, findElement {using=xpath, value=(//a[contains(text(),'Logitech - PRO X SUPERLIGHT Lightweight Wireless O')])[1]}]
Capabilities {acceptInsecureCerts: false, browserName: chrome, browserVersion: 128.0.6613.138, chrome: {chromedriverVersion: 128.0.6613.137 (fe621c5aa2d..., userDataDir: C:\Users\abina\AppData\Loca...}, fedcm:accounts: true, goog:chromeOptions: {debuggerAddress: localhost:61130}, networkConnectionEnabled: false, pageLoadStrategy: normal, platformName: windows, proxy: Proxy(), se:cdp: ws://localhost:61130/devtoo..., se:cdpVersion: 128.0.6613.138, setWindowRect: true, strictFileInteractability: false, timeouts: {implicit: 0, pageLoad: 300000, script: 30000}, unhandledPromptBehavior: dismiss and notify, webauthn:extension:credBlob: true, webauthn:extension:largeBlob: true, webauthn:extension:minPinLength: true, webauthn:extension:prf: true, webauthn:virtualAuthenticators: true}
Session ID: b4e5748ce8985a474ca9c68e7bef1e84
at java.base/jdk.internal.reflect.NativeConstructorAccessorImpl.newInstance0(Native Method)
at java.base/jdk.internal.reflect.NativeConstructorAccessorImpl.newInstance(NativeConstructorAccessorImpl.java:78)
at java.base/jdk.internal.reflect.DelegatingConstructorAccessorImpl.newInstance(DelegatingConstructorAccessorImpl.java:45)
at java.base/java.lang.reflect.Constructor.newInstanceWithCaller(Constructor.java:499)
at java.base/java.lang.reflect.Constructor.newInstance(Constructor.java:480)
at org.openqa.selenium.remote.codec.w3c.W3CHttpResponseCodec.createException(W3CHttpResponseCodec.java:200)
at org.openqa.selenium.remote.codec.w3c.W3CHttpResponseCodec.decode(W3CHttpResponseCodec.java:133)
at org.openqa.selenium.remote.codec.w3c.W3CHttpResponseCodec.decode(W3CHttpResponseCodec.java:52)
at org.openqa.selenium.remote.HttpCommandExecutor.execute(HttpCommandExecutor.java:191)
at org.openqa.selenium.remote.service.DriverCommandExecutor.invokeExecute(DriverCommandExecutor.java:200)
at org.openqa.selenium.remote.service.DriverCommandExecutor.execute(DriverCommandExecutor.java:175)
at org.openqa.selenium.remote.RemoteWebDriver.execute(RemoteWebDriver.java:523)
at org.openqa.selenium.remote.ElementLocation$ElementFinder$2.findElement(ElementLocation.java:165)
at org.openqa.selenium.remote.ElementLocation.findElement(ElementLocation.java:59)
at org.openqa.selenium.remote.RemoteWebDriver.findElement(RemoteWebDriver.java:360)
at org.openqa.selenium.remote.RemoteWebDriver.findElement(RemoteWebDriver.java:354)
at org.openqa.selenium.support.pagefactory.DefaultElementLocator.findElement(DefaultElementLocator.java:68)
at org.openqa.selenium.support.pagefactory.internal.LocatingElementHandler.invoke(LocatingElementHandler.java:38)
at jdk.proxy2/jdk.proxy2.$Proxy16.getText(Unknown Source)
at Utilities.Utility.extractText(Utility.java:175)
at Pageobject.Productpage.addLogitechMouse(Productpage.java:58)
at Testcases.Tc_09_Checkout_fillingpage.CheckOutPageFillingas_using_guest(Tc_09_Checkout_fillingpage.java:23)
at java.base/jdk.internal.reflect.NativeMethodAccessorImpl.invoke0(Native Method)
at java.base/jdk.internal.reflect.NativeMethodAccessorImpl.invoke(NativeMethodAccessorImpl.java:78)
at java.base/jdk.internal.reflect.DelegatingMethodAccessorImpl.invoke(DelegatingMethodAccessorImpl.java:43)
at java.base/java.lang.reflect.Method.invoke(Method.java:567)
at org.testng.internal.invokers.MethodInvocationHelper.invokeMethod(MethodInvocationHelper.java:141)
at org.testng.internal.invokers.TestInvoker.invokeMethod(TestInvoker.java:686)
at org.testng.internal.invokers.TestInvoker.invokeTestMethod(TestInvoker.java:230)
at org.testng.internal.invokers.MethodRunner.runInSequence(MethodRunner.java:63)
at org.testng.internal.invokers.TestInvoker$MethodInvocationAgent.invoke(TestInvoker.java:992)
at org.testng.internal.invokers.TestInvoker.invokeTestMethods(TestInvoker.java:203)
at org.testng.internal.invokers.TestMethodWorker.invokeTestMethods(TestMethodWorker.java:154)
at org.testng.internal.invokers.TestMethodWorker.run(TestMethodWorker.java:134)
at java.base/java.util.ArrayList.forEach(ArrayList.java:1511)
at org.testng.TestRunner.privateRun(TestRunner.java:739)
at org.testng.TestRunner.run(TestRunner.java:614)
at org.testng.SuiteRunner.runTest(SuiteRunner.java:421)
at org.testng.SuiteRunner.runSequentially(SuiteRunner.java:413)
at org.testng.SuiteRunner.privateRun(SuiteRunner.java:373)
at org.testng.SuiteRunner.run(SuiteRunner.java:312)
at org.testng.SuiteRunnerWorker.runSuite(SuiteRunnerWorker.java:52)
at org.testng.SuiteRunnerWorker.run(SuiteRunnerWorker.java:95)
at org.testng.TestNG.runSuitesSequentially(TestNG.java:1274)
at org.testng.TestNG.runSuitesLocally(TestNG.java:1208)
at org.testng.TestNG.runSuites(TestNG.java:1112)
at org.testng.TestNG.run(TestNG.java:1079)
at org.testng.remote.AbstractRemoteTestNG.run(AbstractRemoteTestNG.java:115)
at org.testng.remote.RemoteTestNG.initAndRun(RemoteTestNG.java:293)
at org.testng.remote.RemoteTestNG.main(RemoteTestNG.java:91)
]]>
            </full-stacktrace>
          </exception> <!-- org.openqa.selenium.NoSuchElementException -->
          <reporter-output>
          </reporter-output>
        </test-method> <!-- CheckOutPageFillingas_using_guest -->
        <test-method is-config="true" signature="close()[pri:0, instance:Testcases.Tc_09_Checkout_fillingpage@4748a0f9]" started-at="2024-09-15T11:07:49 IST" name="close" finished-at="2024-09-15T11:07:50 IST" duration-ms="303" status="PASS">
          <reporter-output>
          </reporter-output>
        </test-method> <!-- close -->
      </class> <!-- Testcases.Tc_09_Checkout_fillingpage -->
      <class name="Testcases.Tc_01_Navigatetowebpage">
        <test-method is-config="true" signature="startup()[pri:0, instance:Testcases.Tc_01_Navigatetowebpage@5e4bd84a]" started-at="2024-09-15T10:56:43 IST" name="startup" finished-at="2024-09-15T10:56:48 IST" duration-ms="5714" status="PASS">
          <reporter-output>
          </reporter-output>
        </test-method> <!-- startup -->
        <test-method signature="NavigatingToBestBestApp()[pri:1, instance:Testcases.Tc_01_Navigatetowebpage@5e4bd84a]" started-at="2024-09-15T10:56:48 IST" name="NavigatingToBestBestApp" finished-at="2024-09-15T10:56:59 IST" duration-ms="10077" status="PASS">
          <reporter-output>
          </reporter-output>
        </test-method> <!-- NavigatingToBestBestApp -->
        <test-method is-config="true" signature="close()[pri:0, instance:Testcases.Tc_01_Navigatetowebpage@5e4bd84a]" started-at="2024-09-15T10:56:59 IST" name="close" finished-at="2024-09-15T10:56:59 IST" duration-ms="266" status="PASS">
          <reporter-output>
          </reporter-output>
        </test-method> <!-- close -->
      </class> <!-- Testcases.Tc_01_Navigatetowebpage -->
      <class name="Testcases.Tc_07_Menu_shop_by_Dept">
        <test-method is-config="true" signature="startup()[pri:0, instance:Testcases.Tc_07_Menu_shop_by_Dept@db57326]" started-at="2024-09-15T11:05:36 IST" name="startup" finished-at="2024-09-15T11:05:40 IST" duration-ms="4369" status="PASS">
          <reporter-output>
          </reporter-output>
        </test-method> <!-- startup -->
        <test-method signature="SelAddItemShopByDeptMenu()[pri:8, instance:Testcases.Tc_07_Menu_shop_by_Dept@db57326]" started-at="2024-09-15T11:05:40 IST" name="SelAddItemShopByDeptMenu" finished-at="2024-09-15T11:06:19 IST" duration-ms="39028" status="FAIL">
          <exception class="org.openqa.selenium.TimeoutException">
            <message>
              <![CDATA[Expected condition failed: waiting for visibility of Proxy element for: DefaultElementLocator 'By.xpath: //button[@data-lid='ubr_tv']' (tried for 15 second(s) with 500 milliseconds interval)]]>
            </message>
            <full-stacktrace>
              <![CDATA[org.openqa.selenium.TimeoutException: Expected condition failed: waiting for visibility of Proxy element for: DefaultElementLocator 'By.xpath: //button[@data-lid='ubr_tv']' (tried for 15 second(s) with 500 milliseconds interval)
at org.openqa.selenium.support.ui.WebDriverWait.timeoutException(WebDriverWait.java:84)
at org.openqa.selenium.support.ui.FluentWait.until(FluentWait.java:229)
at Utilities.Utility.waitExplicit(Utility.java:114)
at Pageobject.Homepage.selectTvMenuInHomePage(Homepage.java:123)
at Testcases.Tc_07_Menu_shop_by_Dept.SelAddItemShopByDeptMenu(Tc_07_Menu_shop_by_Dept.java:18)
at java.base/jdk.internal.reflect.NativeMethodAccessorImpl.invoke0(Native Method)
at java.base/jdk.internal.reflect.NativeMethodAccessorImpl.invoke(NativeMethodAccessorImpl.java:78)
at java.base/jdk.internal.reflect.DelegatingMethodAccessorImpl.invoke(DelegatingMethodAccessorImpl.java:43)
at java.base/java.lang.reflect.Method.invoke(Method.java:567)
at org.testng.internal.invokers.MethodInvocationHelper.invokeMethod(MethodInvocationHelper.java:141)
at org.testng.internal.invokers.TestInvoker.invokeMethod(TestInvoker.java:686)
at org.testng.internal.invokers.TestInvoker.invokeTestMethod(TestInvoker.java:230)
at org.testng.internal.invokers.MethodRunner.runInSequence(MethodRunner.java:63)
at org.testng.internal.invokers.TestInvoker$MethodInvocationAgent.invoke(TestInvoker.java:992)
at org.testng.internal.invokers.TestInvoker.invokeTestMethods(TestInvoker.java:203)
at org.testng.internal.invokers.TestMethodWorker.invokeTestMethods(TestMethodWorker.java:154)
at org.testng.internal.invokers.TestMethodWorker.run(TestMethodWorker.java:134)
at java.base/java.util.ArrayList.forEach(ArrayList.java:1511)
at org.testng.TestRunner.privateRun(TestRunner.java:739)
at org.testng.TestRunner.run(TestRunner.java:614)
at org.testng.SuiteRunner.runTest(SuiteRunner.java:421)
at org.testng.SuiteRunner.runSequentially(SuiteRunner.java:413)
at org.testng.SuiteRunner.privateRun(SuiteRunner.java:373)
at org.testng.SuiteRunner.run(SuiteRunner.java:312)
at org.testng.SuiteRunnerWorker.runSuite(SuiteRunnerWorker.java:52)
at org.testng.SuiteRunnerWorker.run(SuiteRunnerWorker.java:95)
at org.testng.TestNG.runSuitesSequentially(TestNG.java:1274)
at org.testng.TestNG.runSuitesLocally(TestNG.java:1208)
at org.testng.TestNG.runSuites(TestNG.java:1112)
at org.testng.TestNG.run(TestNG.java:1079)
at org.testng.remote.AbstractRemoteTestNG.run(AbstractRemoteTestNG.java:115)
at org.testng.remote.RemoteTestNG.initAndRun(RemoteTestNG.java:293)
at org.testng.remote.RemoteTestNG.main(RemoteTestNG.java:91)
Caused by: org.openqa.selenium.NoSuchElementException: no such element: Unable to locate element: {"method":"xpath","selector":"//button[@data-lid='ubr_tv']"}
  (Session info: chrome=128.0.6613.138)
For documentation on this error, please visit: https://www.selenium.dev/documentation/webdriver/troubleshooting/errors#no-such-element-exception
Build info: version: '4.16.1', revision: '9b4c83354e'
System info: os.name: 'Windows 10', os.arch: 'amd64', os.version: '10.0', java.version: '16.0.2'
Driver info: org.openqa.selenium.chrome.ChromeDriver
Command: [3382a59e36cf9a201e538d5d26544750, findElement {using=xpath, value=//button[@data-lid='ubr_tv']}]
Capabilities {acceptInsecureCerts: false, browserName: chrome, browserVersion: 128.0.6613.138, chrome: {chromedriverVersion: 128.0.6613.137 (fe621c5aa2d..., userDataDir: C:\Users\abina\AppData\Loca...}, fedcm:accounts: true, goog:chromeOptions: {debuggerAddress: localhost:60755}, networkConnectionEnabled: false, pageLoadStrategy: normal, platformName: windows, proxy: Proxy(), se:cdp: ws://localhost:60755/devtoo..., se:cdpVersion: 128.0.6613.138, setWindowRect: true, strictFileInteractability: false, timeouts: {implicit: 0, pageLoad: 300000, script: 30000}, unhandledPromptBehavior: dismiss and notify, webauthn:extension:credBlob: true, webauthn:extension:largeBlob: true, webauthn:extension:minPinLength: true, webauthn:extension:prf: true, webauthn:virtualAuthenticators: true}
Session ID: 3382a59e36cf9a201e538d5d26544750
at java.base/jdk.internal.reflect.NativeConstructorAccessorImpl.newInstance0(Native Method)
at java.base/jdk.internal.reflect.NativeConstructorAccessorImpl.newInstance(NativeConstructorAccessorImpl.java:78)
at java.base/jdk.internal.reflect.DelegatingConstructorAccessorImpl.newInstance(DelegatingConstructorAccessorImpl.java:45)
at java.base/java.lang.reflect.Constructor.newInstanceWithCaller(Constructor.java:499)
at java.base/java.lang.reflect.Constructor.newInstance(Constructor.java:480)
at org.openqa.selenium.remote.codec.w3c.W3CHttpResponseCodec.createException(W3CHttpResponseCodec.java:200)
at org.openqa.selenium.remote.codec.w3c.W3CHttpResponseCodec.decode(W3CHttpResponseCodec.java:133)
at org.openqa.selenium.remote.codec.w3c.W3CHttpResponseCodec.decode(W3CHttpResponseCodec.java:52)
at org.openqa.selenium.remote.HttpCommandExecutor.execute(HttpCommandExecutor.java:191)
at org.openqa.selenium.remote.service.DriverCommandExecutor.invokeExecute(DriverCommandExecutor.java:200)
at org.openqa.selenium.remote.service.DriverCommandExecutor.execute(DriverCommandExecutor.java:175)
at org.openqa.selenium.remote.RemoteWebDriver.execute(RemoteWebDriver.java:523)
at org.openqa.selenium.remote.ElementLocation$ElementFinder$2.findElement(ElementLocation.java:165)
at org.openqa.selenium.remote.ElementLocation.findElement(ElementLocation.java:59)
at org.openqa.selenium.remote.RemoteWebDriver.findElement(RemoteWebDriver.java:360)
at org.openqa.selenium.remote.RemoteWebDriver.findElement(RemoteWebDriver.java:354)
at org.openqa.selenium.support.pagefactory.DefaultElementLocator.findElement(DefaultElementLocator.java:68)
at org.openqa.selenium.support.pagefactory.internal.LocatingElementHandler.invoke(LocatingElementHandler.java:38)
at jdk.proxy2/jdk.proxy2.$Proxy16.isDisplayed(Unknown Source)
at org.openqa.selenium.support.ui.ExpectedConditions.elementIfVisible(ExpectedConditions.java:304)
at org.openqa.selenium.support.ui.ExpectedConditions$10.apply(ExpectedConditions.java:290)
at org.openqa.selenium.support.ui.ExpectedConditions$10.apply(ExpectedConditions.java:287)
at org.openqa.selenium.support.ui.FluentWait.until(FluentWait.java:204)
... 31 more
]]>
            </full-stacktrace>
          </exception> <!-- org.openqa.selenium.TimeoutException -->
          <reporter-output>
          </reporter-output>
        </test-method> <!-- SelAddItemShopByDeptMenu -->
        <test-method is-config="true" signature="close()[pri:0, instance:Testcases.Tc_07_Menu_shop_by_Dept@db57326]" started-at="2024-09-15T11:06:19 IST" name="close" finished-at="2024-09-15T11:06:19 IST" duration-ms="269" status="PASS">
          <reporter-output>
          </reporter-output>
        </test-method> <!-- close -->
      </class> <!-- Testcases.Tc_07_Menu_shop_by_Dept -->
      <class name="Testcases.Tc_06_Search_additem">
        <test-method is-config="true" signature="startup()[pri:0, instance:Testcases.Tc_06_Search_additem@53dbe163]" started-at="2024-09-15T11:05:07 IST" name="startup" finished-at="2024-09-15T11:05:11 IST" duration-ms="4526" status="PASS">
          <reporter-output>
          </reporter-output>
        </test-method> <!-- startup -->
        <test-method signature="SearchAddItemInCart()[pri:7, instance:Testcases.Tc_06_Search_additem@53dbe163]" started-at="2024-09-15T11:05:11 IST" name="SearchAddItemInCart" finished-at="2024-09-15T11:05:35 IST" duration-ms="23960" status="FAIL">
          <exception class="org.openqa.selenium.NoSuchElementException">
            <message>
              <![CDATA[no such element: Unable to locate element: {"method":"xpath","selector":"(//a[contains(text(),'Logitech - PRO X SUPERLIGHT Lightweight Wireless O')])[1]"}
  (Session info: chrome=128.0.6613.138)
For documentation on this error, please visit: https://www.selenium.dev/documentation/webdriver/troubleshooting/errors#no-such-element-exception
Build info: version: '4.16.1', revision: '9b4c83354e'
System info: os.name: 'Windows 10', os.arch: 'amd64', os.version: '10.0', java.version: '16.0.2'
Driver info: org.openqa.selenium.chrome.ChromeDriver
Command: [b9b2aeef154cc96391173f040a1573e7, findElement {using=xpath, value=(//a[contains(text(),'Logitech - PRO X SUPERLIGHT Lightweight Wireless O')])[1]}]
Capabilities {acceptInsecureCerts: false, browserName: chrome, browserVersion: 128.0.6613.138, chrome: {chromedriverVersion: 128.0.6613.137 (fe621c5aa2d..., userDataDir: C:\Users\abina\AppData\Loca...}, fedcm:accounts: true, goog:chromeOptions: {debuggerAddress: localhost:60524}, networkConnectionEnabled: false, pageLoadStrategy: normal, platformName: windows, proxy: Proxy(), se:cdp: ws://localhost:60524/devtoo..., se:cdpVersion: 128.0.6613.138, setWindowRect: true, strictFileInteractability: false, timeouts: {implicit: 0, pageLoad: 300000, script: 30000}, unhandledPromptBehavior: dismiss and notify, webauthn:extension:credBlob: true, webauthn:extension:largeBlob: true, webauthn:extension:minPinLength: true, webauthn:extension:prf: true, webauthn:virtualAuthenticators: true}
Session ID: b9b2aeef154cc96391173f040a1573e7]]>
            </message>
            <full-stacktrace>
              <![CDATA[org.openqa.selenium.NoSuchElementException: no such element: Unable to locate element: {"method":"xpath","selector":"(//a[contains(text(),'Logitech - PRO X SUPERLIGHT Lightweight Wireless O')])[1]"}
  (Session info: chrome=128.0.6613.138)
For documentation on this error, please visit: https://www.selenium.dev/documentation/webdriver/troubleshooting/errors#no-such-element-exception
Build info: version: '4.16.1', revision: '9b4c83354e'
System info: os.name: 'Windows 10', os.arch: 'amd64', os.version: '10.0', java.version: '16.0.2'
Driver info: org.openqa.selenium.chrome.ChromeDriver
Command: [b9b2aeef154cc96391173f040a1573e7, findElement {using=xpath, value=(//a[contains(text(),'Logitech - PRO X SUPERLIGHT Lightweight Wireless O')])[1]}]
Capabilities {acceptInsecureCerts: false, browserName: chrome, browserVersion: 128.0.6613.138, chrome: {chromedriverVersion: 128.0.6613.137 (fe621c5aa2d..., userDataDir: C:\Users\abina\AppData\Loca...}, fedcm:accounts: true, goog:chromeOptions: {debuggerAddress: localhost:60524}, networkConnectionEnabled: false, pageLoadStrategy: normal, platformName: windows, proxy: Proxy(), se:cdp: ws://localhost:60524/devtoo..., se:cdpVersion: 128.0.6613.138, setWindowRect: true, strictFileInteractability: false, timeouts: {implicit: 0, pageLoad: 300000, script: 30000}, unhandledPromptBehavior: dismiss and notify, webauthn:extension:credBlob: true, webauthn:extension:largeBlob: true, webauthn:extension:minPinLength: true, webauthn:extension:prf: true, webauthn:virtualAuthenticators: true}
Session ID: b9b2aeef154cc96391173f040a1573e7
at java.base/jdk.internal.reflect.NativeConstructorAccessorImpl.newInstance0(Native Method)
at java.base/jdk.internal.reflect.NativeConstructorAccessorImpl.newInstance(NativeConstructorAccessorImpl.java:78)
at java.base/jdk.internal.reflect.DelegatingConstructorAccessorImpl.newInstance(DelegatingConstructorAccessorImpl.java:45)
at java.base/java.lang.reflect.Constructor.newInstanceWithCaller(Constructor.java:499)
at java.base/java.lang.reflect.Constructor.newInstance(Constructor.java:480)
at org.openqa.selenium.remote.codec.w3c.W3CHttpResponseCodec.createException(W3CHttpResponseCodec.java:200)
at org.openqa.selenium.remote.codec.w3c.W3CHttpResponseCodec.decode(W3CHttpResponseCodec.java:133)
at org.openqa.selenium.remote.codec.w3c.W3CHttpResponseCodec.decode(W3CHttpResponseCodec.java:52)
at org.openqa.selenium.remote.HttpCommandExecutor.execute(HttpCommandExecutor.java:191)
at org.openqa.selenium.remote.service.DriverCommandExecutor.invokeExecute(DriverCommandExecutor.java:200)
at org.openqa.selenium.remote.service.DriverCommandExecutor.execute(DriverCommandExecutor.java:175)
at org.openqa.selenium.remote.RemoteWebDriver.execute(RemoteWebDriver.java:523)
at org.openqa.selenium.remote.ElementLocation$ElementFinder$2.findElement(ElementLocation.java:165)
at org.openqa.selenium.remote.ElementLocation.findElement(ElementLocation.java:59)
at org.openqa.selenium.remote.RemoteWebDriver.findElement(RemoteWebDriver.java:360)
at org.openqa.selenium.remote.RemoteWebDriver.findElement(RemoteWebDriver.java:354)
at org.openqa.selenium.support.pagefactory.DefaultElementLocator.findElement(DefaultElementLocator.java:68)
at org.openqa.selenium.support.pagefactory.internal.LocatingElementHandler.invoke(LocatingElementHandler.java:38)
at jdk.proxy2/jdk.proxy2.$Proxy16.getText(Unknown Source)
at Utilities.Utility.extractText(Utility.java:175)
at Pageobject.Productpage.addLogitechMouse(Productpage.java:58)
at Testcases.Tc_06_Search_additem.SearchAddItemInCart(Tc_06_Search_additem.java:21)
at java.base/jdk.internal.reflect.NativeMethodAccessorImpl.invoke0(Native Method)
at java.base/jdk.internal.reflect.NativeMethodAccessorImpl.invoke(NativeMethodAccessorImpl.java:78)
at java.base/jdk.internal.reflect.DelegatingMethodAccessorImpl.invoke(DelegatingMethodAccessorImpl.java:43)
at java.base/java.lang.reflect.Method.invoke(Method.java:567)
at org.testng.internal.invokers.MethodInvocationHelper.invokeMethod(MethodInvocationHelper.java:141)
at org.testng.internal.invokers.TestInvoker.invokeMethod(TestInvoker.java:686)
at org.testng.internal.invokers.TestInvoker.invokeTestMethod(TestInvoker.java:230)
at org.testng.internal.invokers.MethodRunner.runInSequence(MethodRunner.java:63)
at org.testng.internal.invokers.TestInvoker$MethodInvocationAgent.invoke(TestInvoker.java:992)
at org.testng.internal.invokers.TestInvoker.invokeTestMethods(TestInvoker.java:203)
at org.testng.internal.invokers.TestMethodWorker.invokeTestMethods(TestMethodWorker.java:154)
at org.testng.internal.invokers.TestMethodWorker.run(TestMethodWorker.java:134)
at java.base/java.util.ArrayList.forEach(ArrayList.java:1511)
at org.testng.TestRunner.privateRun(TestRunner.java:739)
at org.testng.TestRunner.run(TestRunner.java:614)
at org.testng.SuiteRunner.runTest(SuiteRunner.java:421)
at org.testng.SuiteRunner.runSequentially(SuiteRunner.java:413)
at org.testng.SuiteRunner.privateRun(SuiteRunner.java:373)
at org.testng.SuiteRunner.run(SuiteRunner.java:312)
at org.testng.SuiteRunnerWorker.runSuite(SuiteRunnerWorker.java:52)
at org.testng.SuiteRunnerWorker.run(SuiteRunnerWorker.java:95)
at org.testng.TestNG.runSuitesSequentially(TestNG.java:1274)
at org.testng.TestNG.runSuitesLocally(TestNG.java:1208)
at org.testng.TestNG.runSuites(TestNG.java:1112)
at org.testng.TestNG.run(TestNG.java:1079)
at org.testng.remote.AbstractRemoteTestNG.run(AbstractRemoteTestNG.java:115)
at org.testng.remote.RemoteTestNG.initAndRun(RemoteTestNG.java:293)
at org.testng.remote.RemoteTestNG.main(RemoteTestNG.java:91)
]]>
            </full-stacktrace>
          </exception> <!-- org.openqa.selenium.NoSuchElementException -->
          <reporter-output>
          </reporter-output>
        </test-method> <!-- SearchAddItemInCart -->
        <test-method is-config="true" signature="close()[pri:0, instance:Testcases.Tc_06_Search_additem@53dbe163]" started-at="2024-09-15T11:05:35 IST" name="close" finished-at="2024-09-15T11:05:35 IST" duration-ms="227" status="PASS">
          <reporter-output>
          </reporter-output>
        </test-method> <!-- close -->
      </class> <!-- Testcases.Tc_06_Search_additem -->
      <class name="Testcases.Tc_04_Siginpage">
        <test-method is-config="true" signature="setup()[pri:0, instance:Testcases.Tc_04_Siginpage@78383390]" started-at="2024-09-15T10:56:43 IST" name="setup" finished-at="2024-09-15T10:56:43 IST" duration-ms="1" status="PASS">
          <reporter-output>
          </reporter-output>
        </test-method> <!-- setup -->
        <test-method is-config="true" signature="startup()[pri:0, instance:Testcases.Tc_04_Siginpage@78383390]" started-at="2024-09-15T11:00:22 IST" name="startup" finished-at="2024-09-15T11:00:27 IST" duration-ms="4792" status="PASS">
          <reporter-output>
          </reporter-output>
        </test-method> <!-- startup -->
        <test-method signature="SignIn(java.lang.String,java.lang.String)[pri:4, instance:Testcases.Tc_04_Siginpage@78383390]" started-at="2024-09-15T11:00:27 IST" name="SignIn" data-provider="Testdata" finished-at="2024-09-15T11:00:40 IST" duration-ms="12929" status="PASS">
          <params>
            <param index="0">
              <value>
                <![CDATA[aaravabi786@gmail.com]]>
              </value>
            </param>
            <param index="1">
              <value>
                <![CDATA[aaravabi@123]]>
              </value>
            </param>
          </params>
          <reporter-output>
          </reporter-output>
        </test-method> <!-- SignIn -->
        <test-method is-config="true" signature="close()[pri:0, instance:Testcases.Tc_04_Siginpage@78383390]" started-at="2024-09-15T11:00:40 IST" name="close" finished-at="2024-09-15T11:00:40 IST" duration-ms="216" status="PASS">
          <reporter-output>
          </reporter-output>
        </test-method> <!-- close -->
        <test-method is-config="true" signature="startup()[pri:0, instance:Testcases.Tc_04_Siginpage@78383390]" started-at="2024-09-15T11:00:40 IST" name="startup" finished-at="2024-09-15T11:00:45 IST" duration-ms="4684" status="PASS">
          <reporter-output>
          </reporter-output>
        </test-method> <!-- startup -->
        <test-method signature="SignIn(java.lang.String,java.lang.String)[pri:4, instance:Testcases.Tc_04_Siginpage@78383390]" started-at="2024-09-15T11:00:45 IST" name="SignIn" data-provider="Testdata" finished-at="2024-09-15T11:01:03 IST" duration-ms="18262" status="PASS">
          <params>
            <param index="0">
              <value>
                <![CDATA[aaravabi786@gmail.com]]>
              </value>
            </param>
            <param index="1">
              <value>
                <![CDATA[`]]>
              </value>
            </param>
          </params>
          <reporter-output>
          </reporter-output>
        </test-method> <!-- SignIn -->
        <test-method is-config="true" signature="close()[pri:0, instance:Testcases.Tc_04_Siginpage@78383390]" started-at="2024-09-15T11:01:03 IST" name="close" finished-at="2024-09-15T11:01:03 IST" duration-ms="254" status="PASS">
          <reporter-output>
          </reporter-output>
        </test-method> <!-- close -->
        <test-method is-config="true" signature="startup()[pri:0, instance:Testcases.Tc_04_Siginpage@78383390]" started-at="2024-09-15T11:01:03 IST" name="startup" finished-at="2024-09-15T11:01:08 IST" duration-ms="4842" status="PASS">
          <reporter-output>
          </reporter-output>
        </test-method> <!-- startup -->
        <test-method signature="SignIn(java.lang.String,java.lang.String)[pri:4, instance:Testcases.Tc_04_Siginpage@78383390]" started-at="2024-09-15T11:01:08 IST" name="SignIn" data-provider="Testdata" finished-at="2024-09-15T11:01:23 IST" duration-ms="14870" status="PASS">
          <params>
            <param index="0">
              <value>
                <![CDATA[`]]>
              </value>
            </param>
            <param index="1">
              <value>
                <![CDATA[aaravabi@123]]>
              </value>
            </param>
          </params>
          <reporter-output>
          </reporter-output>
        </test-method> <!-- SignIn -->
        <test-method is-config="true" signature="close()[pri:0, instance:Testcases.Tc_04_Siginpage@78383390]" started-at="2024-09-15T11:01:23 IST" name="close" finished-at="2024-09-15T11:01:23 IST" duration-ms="287" status="PASS">
          <reporter-output>
          </reporter-output>
        </test-method> <!-- close -->
        <test-method is-config="true" signature="startup()[pri:0, instance:Testcases.Tc_04_Siginpage@78383390]" started-at="2024-09-15T11:01:23 IST" name="startup" finished-at="2024-09-15T11:01:27 IST" duration-ms="4016" status="PASS">
          <reporter-output>
          </reporter-output>
        </test-method> <!-- startup -->
        <test-method signature="SignIn(java.lang.String,java.lang.String)[pri:4, instance:Testcases.Tc_04_Siginpage@78383390]" started-at="2024-09-15T11:01:27 IST" name="SignIn" data-provider="Testdata" finished-at="2024-09-15T11:01:47 IST" duration-ms="19631" status="PASS">
          <params>
            <param index="0">
              <value>
                <![CDATA[aaravabi786@gmail.com]]>
              </value>
            </param>
            <param index="1">
              <value>
                <![CDATA[aaravabi]]>
              </value>
            </param>
          </params>
          <reporter-output>
          </reporter-output>
        </test-method> <!-- SignIn -->
        <test-method is-config="true" signature="close()[pri:0, instance:Testcases.Tc_04_Siginpage@78383390]" started-at="2024-09-15T11:01:47 IST" name="close" finished-at="2024-09-15T11:01:48 IST" duration-ms="308" status="PASS">
          <reporter-output>
          </reporter-output>
        </test-method> <!-- close -->
      </class> <!-- Testcases.Tc_04_Siginpage -->
      <class name="Testcases.Tc_03_CreateaccountpageTest">
        <test-method is-config="true" signature="setup()[pri:0, instance:Testcases.Tc_03_CreateaccountpageTest@5a709816]" started-at="2024-09-15T10:56:43 IST" name="setup" finished-at="2024-09-15T10:56:43 IST" duration-ms="9" status="PASS">
          <reporter-output>
          </reporter-output>
        </test-method> <!-- setup -->
        <test-method is-config="true" signature="startup()[pri:0, instance:Testcases.Tc_03_CreateaccountpageTest@5a709816]" started-at="2024-09-15T10:57:28 IST" name="startup" finished-at="2024-09-15T10:57:32 IST" duration-ms="4637" status="PASS">
          <reporter-output>
          </reporter-output>
        </test-method> <!-- startup -->
        <test-method signature="ValidateCreatAccountFunctionality(java.lang.String,java.lang.String,java.lang.String,java.lang.String,java.lang.String,java.lang.String)[pri:3, instance:Testcases.Tc_03_CreateaccountpageTest@5a709816]" started-at="2024-09-15T10:57:32 IST" name="ValidateCreatAccountFunctionality" data-provider="Testdata" finished-at="2024-09-15T10:57:54 IST" duration-ms="21595" status="PASS">
          <params>
            <param index="0">
              <value>
                <![CDATA[aarav]]>
              </value>
            </param>
            <param index="1">
              <value>
                <![CDATA[abi]]>
              </value>
            </param>
            <param index="2">
              <value>
                <![CDATA[aaravabi786@gmail.com]]>
              </value>
            </param>
            <param index="3">
              <value>
                <![CDATA[aaravabi@123]]>
              </value>
            </param>
            <param index="4">
              <value>
                <![CDATA[aaravabi@123]]>
              </value>
            </param>
            <param index="5">
              <value>
                <![CDATA[9876543210]]>
              </value>
            </param>
          </params>
          <reporter-output>
          </reporter-output>
        </test-method> <!-- ValidateCreatAccountFunctionality -->
        <test-method is-config="true" signature="close()[pri:0, instance:Testcases.Tc_03_CreateaccountpageTest@5a709816]" started-at="2024-09-15T10:57:54 IST" name="close" finished-at="2024-09-15T10:57:54 IST" duration-ms="330" status="PASS">
          <reporter-output>
          </reporter-output>
        </test-method> <!-- close -->
        <test-method is-config="true" signature="startup()[pri:0, instance:Testcases.Tc_03_CreateaccountpageTest@5a709816]" started-at="2024-09-15T10:57:54 IST" name="startup" finished-at="2024-09-15T10:57:58 IST" duration-ms="4169" status="PASS">
          <reporter-output>
          </reporter-output>
        </test-method> <!-- startup -->
        <test-method signature="ValidateCreatAccountFunctionality(java.lang.String,java.lang.String,java.lang.String,java.lang.String,java.lang.String,java.lang.String)[pri:3, instance:Testcases.Tc_03_CreateaccountpageTest@5a709816]" started-at="2024-09-15T10:57:58 IST" name="ValidateCreatAccountFunctionality" data-provider="Testdata" finished-at="2024-09-15T10:58:20 IST" duration-ms="21938" status="PASS">
          <params>
            <param index="0">
              <value>
                <![CDATA[`]]>
              </value>
            </param>
            <param index="1">
              <value>
                <![CDATA[abi]]>
              </value>
            </param>
            <param index="2">
              <value>
                <![CDATA[aaravabi786@gmail.com]]>
              </value>
            </param>
            <param index="3">
              <value>
                <![CDATA[aaravabi@123]]>
              </value>
            </param>
            <param index="4">
              <value>
                <![CDATA[aaravabi@123]]>
              </value>
            </param>
            <param index="5">
              <value>
                <![CDATA[9876543210]]>
              </value>
            </param>
          </params>
          <reporter-output>
          </reporter-output>
        </test-method> <!-- ValidateCreatAccountFunctionality -->
        <test-method is-config="true" signature="close()[pri:0, instance:Testcases.Tc_03_CreateaccountpageTest@5a709816]" started-at="2024-09-15T10:58:20 IST" name="close" finished-at="2024-09-15T10:58:21 IST" duration-ms="349" status="PASS">
          <reporter-output>
          </reporter-output>
        </test-method> <!-- close -->
        <test-method is-config="true" signature="startup()[pri:0, instance:Testcases.Tc_03_CreateaccountpageTest@5a709816]" started-at="2024-09-15T10:58:21 IST" name="startup" finished-at="2024-09-15T10:58:25 IST" duration-ms="3904" status="PASS">
          <reporter-output>
          </reporter-output>
        </test-method> <!-- startup -->
        <test-method signature="ValidateCreatAccountFunctionality(java.lang.String,java.lang.String,java.lang.String,java.lang.String,java.lang.String,java.lang.String)[pri:3, instance:Testcases.Tc_03_CreateaccountpageTest@5a709816]" started-at="2024-09-15T10:58:25 IST" name="ValidateCreatAccountFunctionality" data-provider="Testdata" finished-at="2024-09-15T10:58:48 IST" duration-ms="23050" status="PASS">
          <params>
            <param index="0">
              <value>
                <![CDATA[aarav]]>
              </value>
            </param>
            <param index="1">
              <value>
                <![CDATA[abi]]>
              </value>
            </param>
            <param index="2">
              <value>
                <![CDATA[aaravabi786]]>
              </value>
            </param>
            <param index="3">
              <value>
                <![CDATA[aaravabi@123]]>
              </value>
            </param>
            <param index="4">
              <value>
                <![CDATA[aaravabi@123]]>
              </value>
            </param>
            <param index="5">
              <value>
                <![CDATA[9876543210]]>
              </value>
            </param>
          </params>
          <reporter-output>
          </reporter-output>
        </test-method> <!-- ValidateCreatAccountFunctionality -->
        <test-method is-config="true" signature="close()[pri:0, instance:Testcases.Tc_03_CreateaccountpageTest@5a709816]" started-at="2024-09-15T10:58:48 IST" name="close" finished-at="2024-09-15T10:58:48 IST" duration-ms="335" status="PASS">
          <reporter-output>
          </reporter-output>
        </test-method> <!-- close -->
        <test-method is-config="true" signature="startup()[pri:0, instance:Testcases.Tc_03_CreateaccountpageTest@5a709816]" started-at="2024-09-15T10:58:48 IST" name="startup" finished-at="2024-09-15T10:58:52 IST" duration-ms="3738" status="PASS">
          <reporter-output>
          </reporter-output>
        </test-method> <!-- startup -->
        <test-method signature="ValidateCreatAccountFunctionality(java.lang.String,java.lang.String,java.lang.String,java.lang.String,java.lang.String,java.lang.String)[pri:3, instance:Testcases.Tc_03_CreateaccountpageTest@5a709816]" started-at="2024-09-15T10:58:52 IST" name="ValidateCreatAccountFunctionality" data-provider="Testdata" finished-at="2024-09-15T10:59:11 IST" duration-ms="19233" status="PASS">
          <params>
            <param index="0">
              <value>
                <![CDATA[aarav]]>
              </value>
            </param>
            <param index="1">
              <value>
                <![CDATA[abi]]>
              </value>
            </param>
            <param index="2">
              <value>
                <![CDATA[aaravabi786@gmail.com]]>
              </value>
            </param>
            <param index="3">
              <value>
                <![CDATA[aaravabi@123]]>
              </value>
            </param>
            <param index="4">
              <value>
                <![CDATA[`]]>
              </value>
            </param>
            <param index="5">
              <value>
                <![CDATA[9876543210]]>
              </value>
            </param>
          </params>
          <reporter-output>
          </reporter-output>
        </test-method> <!-- ValidateCreatAccountFunctionality -->
        <test-method is-config="true" signature="close()[pri:0, instance:Testcases.Tc_03_CreateaccountpageTest@5a709816]" started-at="2024-09-15T10:59:11 IST" name="close" finished-at="2024-09-15T10:59:12 IST" duration-ms="348" status="PASS">
          <reporter-output>
          </reporter-output>
        </test-method> <!-- close -->
        <test-method is-config="true" signature="startup()[pri:0, instance:Testcases.Tc_03_CreateaccountpageTest@5a709816]" started-at="2024-09-15T10:59:12 IST" name="startup" finished-at="2024-09-15T10:59:16 IST" duration-ms="4506" status="PASS">
          <reporter-output>
          </reporter-output>
        </test-method> <!-- startup -->
        <test-method signature="ValidateCreatAccountFunctionality(java.lang.String,java.lang.String,java.lang.String,java.lang.String,java.lang.String,java.lang.String)[pri:3, instance:Testcases.Tc_03_CreateaccountpageTest@5a709816]" started-at="2024-09-15T10:59:16 IST" name="ValidateCreatAccountFunctionality" data-provider="Testdata" finished-at="2024-09-15T10:59:34 IST" duration-ms="17971" status="PASS">
          <params>
            <param index="0">
              <value>
                <![CDATA[aarav]]>
              </value>
            </param>
            <param index="1">
              <value>
                <![CDATA[abi]]>
              </value>
            </param>
            <param index="2">
              <value>
                <![CDATA[aaravabi786@gmail.com]]>
              </value>
            </param>
            <param index="3">
              <value>
                <![CDATA[`]]>
              </value>
            </param>
            <param index="4">
              <value>
                <![CDATA[aaravabi@123]]>
              </value>
            </param>
            <param index="5">
              <value>
                <![CDATA[9876543210]]>
              </value>
            </param>
          </params>
          <reporter-output>
          </reporter-output>
        </test-method> <!-- ValidateCreatAccountFunctionality -->
        <test-method is-config="true" signature="close()[pri:0, instance:Testcases.Tc_03_CreateaccountpageTest@5a709816]" started-at="2024-09-15T10:59:34 IST" name="close" finished-at="2024-09-15T10:59:35 IST" duration-ms="354" status="PASS">
          <reporter-output>
          </reporter-output>
        </test-method> <!-- close -->
        <test-method is-config="true" signature="startup()[pri:0, instance:Testcases.Tc_03_CreateaccountpageTest@5a709816]" started-at="2024-09-15T10:59:35 IST" name="startup" finished-at="2024-09-15T10:59:39 IST" duration-ms="4510" status="PASS">
          <reporter-output>
          </reporter-output>
        </test-method> <!-- startup -->
        <test-method signature="ValidateCreatAccountFunctionality(java.lang.String,java.lang.String,java.lang.String,java.lang.String,java.lang.String,java.lang.String)[pri:3, instance:Testcases.Tc_03_CreateaccountpageTest@5a709816]" started-at="2024-09-15T10:59:39 IST" name="ValidateCreatAccountFunctionality" data-provider="Testdata" finished-at="2024-09-15T10:59:58 IST" duration-ms="18529" status="PASS">
          <params>
            <param index="0">
              <value>
                <![CDATA[aarav]]>
              </value>
            </param>
            <param index="1">
              <value>
                <![CDATA[abi]]>
              </value>
            </param>
            <param index="2">
              <value>
                <![CDATA[aaravabi786@gmail.com]]>
              </value>
            </param>
            <param index="3">
              <value>
                <![CDATA[aaravabi@123]]>
              </value>
            </param>
            <param index="4">
              <value>
                <![CDATA[aaravabi@123]]>
              </value>
            </param>
            <param index="5">
              <value>
                <![CDATA[`]]>
              </value>
            </param>
          </params>
          <reporter-output>
          </reporter-output>
        </test-method> <!-- ValidateCreatAccountFunctionality -->
        <test-method is-config="true" signature="close()[pri:0, instance:Testcases.Tc_03_CreateaccountpageTest@5a709816]" started-at="2024-09-15T10:59:58 IST" name="close" finished-at="2024-09-15T10:59:58 IST" duration-ms="385" status="PASS">
          <reporter-output>
          </reporter-output>
        </test-method> <!-- close -->
        <test-method is-config="true" signature="startup()[pri:0, instance:Testcases.Tc_03_CreateaccountpageTest@5a709816]" started-at="2024-09-15T10:59:58 IST" name="startup" finished-at="2024-09-15T11:00:02 IST" duration-ms="4059" status="PASS">
          <reporter-output>
          </reporter-output>
        </test-method> <!-- startup -->
        <test-method signature="ValidateCreatAccountFunctionality(java.lang.String,java.lang.String,java.lang.String,java.lang.String,java.lang.String,java.lang.String)[pri:3, instance:Testcases.Tc_03_CreateaccountpageTest@5a709816]" started-at="2024-09-15T11:00:02 IST" name="ValidateCreatAccountFunctionality" data-provider="Testdata" finished-at="2024-09-15T11:00:21 IST" duration-ms="19140" status="PASS">
          <params>
            <param index="0">
              <value>
                <![CDATA[aarav]]>
              </value>
            </param>
            <param index="1">
              <value>
                <![CDATA[abi]]>
              </value>
            </param>
            <param index="2">
              <value>
                <![CDATA[aaravabi786@gmail.com]]>
              </value>
            </param>
            <param index="3">
              <value>
                <![CDATA[aaravabi@123]]>
              </value>
            </param>
            <param index="4">
              <value>
                <![CDATA[aaravabi@123]]>
              </value>
            </param>
            <param index="5">
              <value>
                <![CDATA[9876543210]]>
              </value>
            </param>
          </params>
          <reporter-output>
          </reporter-output>
        </test-method> <!-- ValidateCreatAccountFunctionality -->
        <test-method is-config="true" signature="close()[pri:0, instance:Testcases.Tc_03_CreateaccountpageTest@5a709816]" started-at="2024-09-15T11:00:21 IST" name="close" finished-at="2024-09-15T11:00:22 IST" duration-ms="347" status="PASS">
          <reporter-output>
          </reporter-output>
        </test-method> <!-- close -->
      </class> <!-- Testcases.Tc_03_CreateaccountpageTest -->
    </test> <!-- Test -->
  </suite> <!-- Suite -->
</testng-results>
